save time:02-15_15-48
Round   0:
clients idxes:[10 65 37 90  5 35 50 14 67  4]
The benign clients: [90],
	 scores:[3.16]
The malicious clients: [14, 37, 10, 5, 35, 50, 65, 67, 4],
	 scores:[3.19, 3.25, 3.22, 3.22, 3.2, 3.24, 3.23, 3.27, 3.29]
Training average loss 2.041
Testing accuracy: 21.26%, loss: 2.181
Round   1:
clients idxes:[10 76 87 50 40 64 23 86 46 51]
The benign clients: [40],
	 scores:[2.89]
The malicious clients: [10, 87, 50, 76, 64, 23, 86, 46, 51],
	 scores:[2.91, 2.96, 2.91, 2.92, 2.97, 2.92, 2.97, 2.93, 3.0]
Training average loss 1.788
Testing accuracy: 30.65%, loss: 1.935
Round   2:
clients idxes:[67 90 63 94 28  9 29 48 58 65]
The benign clients: [90],
	 scores:[2.91]
The malicious clients: [58, 63, 94, 28, 9, 29, 48, 67, 65],
	 scores:[2.97, 3.06, 3.05, 3.04, 3.07, 3.08, 3.04, 3.08, 3.1]
Training average loss 1.684
Testing accuracy: 36.44%, loss: 1.757
Round   3:
clients idxes:[ 6 15 94 14 73 57 22 89 82 77]
The benign clients: [22],
	 scores:[3.16]
The malicious clients: [6, 94, 14, 73, 57, 15, 89, 82, 77],
	 scores:[3.19, 3.22, 3.19, 3.3, 3.21, 3.28, 3.21, 3.3, 3.2]
Training average loss 1.644
