save time:02-15_15-57
Round   0:
clients idxes:[ 5  1 74 86 70 35 41 75 33 83]
foolsgold aggregation weights: [1.0, 1.0, 0.788, 1.0, 1.0, 1.0, 0.456, 1.0, 0.456, 0.788]
Training average loss 0.501
Testing accuracy: 19.82%, loss: 2.214
Round   1:
clients idxes:[74  1 48 78  2 28 60 67  4 83]
foolsgold aggregation weights: [0.396, 1.0, 1.0, 0.656, 0.835, 1.0, 0.656, 1.0, 1.0, 0.396]
Training average loss 0.475
Testing accuracy: 16.59%, loss: 2.319
Round   2:
clients idxes:[61 51 95 46 16 89 59 93 30 97]
foolsgold aggregation weights: [0.334, 0.121, 0.432, 0.276, 0.0, 0.425, 0.276, 0.0, 1.0, 1.0]
Training average loss 0.401
Testing accuracy: 23.55%, loss: 2.144
Round   3:
clients idxes:[58 43 80 96 59 24 22 54 11 33]
foolsgold aggregation weights: [0.0, 0.0, 0.0, 0.0, 0.0, 0.0, 0.0, 0.0, 0.0, 1.0]
Training average loss 0.340
Testing accuracy: 10.01%, loss: 5.833
Round   4:
clients idxes:[29 71 13 79 66 32 60 54 31  8]
foolsgold aggregation weights: [0.611, 0.489, 1.0, 0.0, 0.0, 1.0, 0.611, 0.489, 1.0, 1.0]
Training average loss 0.552
Testing accuracy: 34.76%, loss: 1.955
Round   5:
clients idxes:[53 76 51 66 43 38 47 40 74 13]
foolsgold aggregation weights: [0.0, 0.0, 0.0, 0.0, 0.0, 0.0, 0.0, 0.0, 1.0, 0.0]
Training average loss 0.269
Testing accuracy: 18.07%, loss: 4.938
Round   6:
clients idxes:[74 95 88 54 24 19 87 46 67 81]
foolsgold aggregation weights: [1.0, 0.0, 0.0, 0.0, 0.0, 0.0, 0.0, 0.0, 0.0, 0.0]
Training average loss 0.423
Testing accuracy: 18.28%, loss: 5.694
Round   7:
clients idxes:[22  5 73 17 94 66 20  9 44 16]
foolsgold aggregation weights: [0.0, 1.0, 0.0, 0.0, 0.0, 0.0, 0.0, 0.0, 0.0, 0.0]
Training average loss 0.584
Testing accuracy: 18.28%, loss: 5.171
Round   8:
clients idxes:[71 68 54  3 93 25 41 15 37 14]
foolsgold aggregation weights: [0.0, 0.0, 0.0, 0.0, 0.0, 0.0, 1.0, 0.0, 0.0, 0.0]
Training average loss 0.562
Testing accuracy: 17.63%, loss: 4.455
Round   9:
clients idxes:[24 93 45 23 15 58 97 82 22 65]
foolsgold aggregation weights: [1.0, 1.0, 1.0, 1.0, 1.0, 0.0, 1.0, 1.0, 0.0, 1.0]
Training average loss 0.649
Testing accuracy: 26.84%, loss: 2.087
Round  10:
clients idxes:[25 56 67 23  7 12 90 22 84 45]
foolsgold aggregation weights: [1.0, 1.0, 0.486, 1.0, 1.0, 1.0, 1.0, 1.0, 1.0, 0.486]
Training average loss 0.474
Testing accuracy: 33.68%, loss: 1.859
Round  11:
clients idxes:[63 42 22 76 74 84 68 39 21 34]
foolsgold aggregation weights: [0.0, 0.0, 0.0, 0.0, 1.0, 0.0, 0.0, 0.0, 0.0, 0.0]
Training average loss 0.284
Testing accuracy: 18.42%, loss: 4.729
Round  12:
clients idxes:[43 58 32 61 45 12 34 87 19 48]
foolsgold aggregation weights: [0.513, 1.0, 1.0, 0.582, 0.113, 0.607, 1.0, 0.113, 1.0, 0.878]
Training average loss 0.431
Testing accuracy: 36.40%, loss: 1.895
Round  13:
clients idxes:[ 8 43 69 99  9 53 21 76 28 68]
foolsgold aggregation weights: [0.468, 0.0, 0.514, 1.0, 1.0, 0.0, 0.0, 0.183, 0.0, 0.0]
Training average loss 0.358
Testing accuracy: 24.94%, loss: 2.099
Round  14:
clients idxes:[71 47 18 48 82 92 17 25 45 60]
foolsgold aggregation weights: [1.0, 0.275, 1.0, 0.843, 1.0, 0.0, 1.0, 0.0, 0.602, 0.475]
Training average loss 0.294
Testing accuracy: 34.42%, loss: 1.845
Round  15:
clients idxes:[78 40 25 49  7  8 16 64 13 59]
foolsgold aggregation weights: [0.476, 1.0, 0.747, 0.596, 1.0, 1.0, 1.0, 0.596, 0.747, 0.476]
Training average loss 0.289
Testing accuracy: 42.03%, loss: 1.589
Round  16:
clients idxes:[17 48 43 27 35 94 12 24  4 32]
foolsgold aggregation weights: [0.0, 0.0, 0.0, 0.0, 1.0, 0.0, 0.0, 0.0, 0.0, 0.0]
Training average loss 0.295
Testing accuracy: 18.77%, loss: 4.777
Round  17:
clients idxes:[30 43 28 42 27 94 74 32  4 39]
foolsgold aggregation weights: [0.0, 0.0, 0.0, 0.0, 0.0, 0.0, 1.0, 0.0, 0.0, 0.0]
Training average loss 0.395
Testing accuracy: 18.72%, loss: 4.855
Round  18:
clients idxes:[40 18 68 22 62 59 63 87 52  3]
foolsgold aggregation weights: [0.0, 0.0, 0.0, 0.0, 1.0, 0.0, 0.451, 0.0, 0.0, 1.0]
Training average loss 0.415
Testing accuracy: 19.00%, loss: 2.625
Round  19:
