save time:02-25_11-13
Round   0:
selected clients:[6, 0, 82, 42, 63, 5, 21, 4, 49, 25]
cluster labels: [ 0  0  0 -1 -1 -1  0  0  0 -1]
The benign clients: [6, 0, 82, 21, 4, 49]
The malicious clients: [42, 63, 5, 25]
Training average loss 1.607
Testing accuracy: 10.00%, loss: 2.449
Attack accuracy: 0.00%
Round   1:
selected clients:[44, 33, 9, 98, 79, 64, 12, 77, 15, 87]
malicious client:44
malicious client:33
cluster labels: [ 0  0  0  0  0 -1  0 -1 -1 -1]
The benign clients: [44, 33, 9, 98, 79, 12]
The malicious clients: [64, 77, 15, 87]
Training average loss 1.437
Testing accuracy: 10.00%, loss: 2.752
Attack accuracy: 100.00%
Round   2:
selected clients:[11, 22, 86, 61, 58, 45, 56, 4, 17, 96]
malicious client:11
malicious client:22
cluster labels: [ 0  0  0  0 -1  0 -1 -1  0 -1]
The benign clients: [11, 22, 86, 61, 45, 17]
The malicious clients: [58, 56, 4, 96]
Training average loss 1.292
Testing accuracy: 22.01%, loss: 1.991
Attack accuracy: 100.00%
Round   3:
selected clients:[44, 22, 18, 69, 54, 2, 35, 87, 61, 91]
malicious client:44
malicious client:22
cluster labels: [ 0  0 -1  0  0  0 -1 -1  0 -1]
The benign clients: [44, 22, 69, 54, 2, 61]
The malicious clients: [18, 35, 87, 91]
Training average loss 1.190
Testing accuracy: 25.92%, loss: 2.141
Attack accuracy: 100.00%
Round   4:
selected clients:[22, 33, 37, 90, 84, 36, 30, 43, 71, 1]
malicious client:22
malicious client:33
cluster labels: [ 0  0 -1  0 -1  0 -1  0  0 -1]
The benign clients: [22, 33, 90, 36, 43, 71]
The malicious clients: [37, 84, 30, 1]
Training average loss 1.236
Testing accuracy: 33.82%, loss: 1.755
Attack accuracy: 100.00%
Round   5:
selected clients:[22, 11, 93, 85, 20, 4, 35, 84, 95, 28]
malicious client:22
malicious client:11
cluster labels: [ 0  0  0 -1 -1  0  0 -1 -1  0]
The benign clients: [22, 11, 93, 4, 35, 28]
The malicious clients: [85, 20, 84, 95]
Training average loss 1.132
Testing accuracy: 28.68%, loss: 1.812
Attack accuracy: 100.00%
Round   6:
selected clients:[44, 22, 14, 45, 1, 85, 87, 15, 75, 48]
malicious client:44
malicious client:22
cluster labels: [ 0  0  0  0 -1 -1 -1  0  0 -1]
The benign clients: [44, 22, 14, 45, 15, 75]
The malicious clients: [1, 85, 87, 48]
Training average loss 1.097
Testing accuracy: 37.21%, loss: 1.649
Attack accuracy: 100.00%
Round   7:
selected clients:[44, 33, 64, 17, 88, 79, 49, 81, 61, 83]
malicious client:44
malicious client:33
cluster labels: [ 0  0 -1 -1  0  0  0 -1  0 -1]
The benign clients: [44, 33, 88, 79, 49, 61]
The malicious clients: [64, 17, 81, 83]
Training average loss 1.047
Testing accuracy: 33.54%, loss: 1.795
Attack accuracy: 100.00%
Round   8:
selected clients:[22, 44, 56, 1, 95, 55, 92, 9, 77, 83]
malicious client:22
malicious client:44
cluster labels: [ 0  0  0 -1 -1  0  0  0 -1 -1]
The benign clients: [22, 44, 56, 55, 92, 9]
The malicious clients: [1, 95, 77, 83]
Training average loss 0.955
Testing accuracy: 40.09%, loss: 1.593
Attack accuracy: 100.00%
Round   9:
selected clients:[11, 44, 42, 14, 16, 92, 82, 71, 88, 34]
malicious client:11
malicious client:44
cluster labels: [ 0  0 -1  0 -1  0 -1  0  0 -1]
The benign clients: [11, 44, 14, 92, 71, 88]
The malicious clients: [42, 16, 82, 34]
Training average loss 0.882
Testing accuracy: 33.20%, loss: 1.771
Attack accuracy: 100.00%
Round  10:
selected clients:[44, 33, 85, 27, 64, 55, 3, 43, 15, 57]
malicious client:44
malicious client:33
cluster labels: [ 0  0 -1  0 -1  0 -1  0  0 -1]
The benign clients: [44, 33, 27, 55, 43, 15]
The malicious clients: [85, 64, 3, 57]
Training average loss 1.002
Testing accuracy: 37.76%, loss: 1.615
Attack accuracy: 100.00%
Round  11:
selected clients:[33, 11, 26, 16, 28, 46, 24, 41, 30, 34]
malicious client:33
malicious client:11
cluster labels: [ 0  0 -1  0  0  0 -1 -1 -1  0]
The benign clients: [33, 11, 16, 28, 46, 34]
The malicious clients: [26, 24, 41, 30]
Training average loss 0.973
Testing accuracy: 44.74%, loss: 1.464
Attack accuracy: 100.00%
Round  12:
selected clients:[11, 22, 51, 52, 92, 27, 53, 93, 80, 83]
malicious client:11
malicious client:22
cluster labels: [ 0  0 -1 -1  0  0  0  0 -1 -1]
The benign clients: [11, 22, 92, 27, 53, 93]
The malicious clients: [51, 52, 80, 83]
Training average loss 0.871
Testing accuracy: 40.77%, loss: 1.541
Attack accuracy: 100.00%
Round  13:
selected clients:[22, 11, 51, 60, 84, 1, 99, 93, 55, 21]
malicious client:22
malicious client:11
cluster labels: [ 0  0 -1  0 -1 -1 -1  0  0  0]
The benign clients: [22, 11, 60, 93, 55, 21]
The malicious clients: [51, 84, 1, 99]
Training average loss 0.921
Testing accuracy: 45.98%, loss: 1.462
Attack accuracy: 100.00%
Round  14:
selected clients:[22, 33, 76, 48, 79, 3, 60, 9, 62, 4]
malicious client:22
malicious client:33
cluster labels: [ 0  0 -1 -1  0  0  0  0 -1 -1]
The benign clients: [22, 33, 79, 3, 60, 9]
The malicious clients: [76, 48, 62, 4]
Training average loss 0.892
Testing accuracy: 47.70%, loss: 1.431
Attack accuracy: 100.00%
Round  15:
selected clients:[22, 44, 19, 45, 57, 90, 12, 50, 21, 83]
malicious client:22
malicious client:44
cluster labels: [ 0  0  0 -1 -1  0 -1  0  0 -1]
The benign clients: [22, 44, 19, 90, 50, 21]
The malicious clients: [45, 57, 12, 83]
Training average loss 0.824
Testing accuracy: 45.24%, loss: 1.454
Attack accuracy: 100.00%
Round  16:
selected clients:[22, 44, 31, 49, 39, 51, 13, 60, 77, 36]
malicious client:22
malicious client:44
cluster labels: [ 0  0  0  0 -1 -1 -1  0 -1  0]
The benign clients: [22, 44, 31, 49, 60, 36]
The malicious clients: [39, 51, 13, 77]
Training average loss 0.859
Testing accuracy: 47.29%, loss: 1.409
Attack accuracy: 100.00%
Round  17:
selected clients:[33, 44, 77, 42, 97, 90, 81, 67, 96, 1]
malicious client:33
malicious client:44
