save time:02-24_14-36
Round   0:
selected clients:[3, 7, 94, 24, 95, 66, 50, 76, 47, 14, 25, 98, 1, 27, 83, 85, 93, 36, 91, 60]
The benign clients: [60.  3. 83. 85.  7. 50. 94. 14. 98. 93.],
	 scores:[0.2  0.23 0.34 0.38 0.43 0.47 0.55 0.56 0.58 0.6 ]
The malicious clients: [27. 66.  1. 91. 24. 95. 47. 25. 36. 76.],
	 scores:[ 0.67  0.7   0.73  0.78  1.16  1.46  2.29  6.49  8.18 11.22]
Training average loss 1.592
Testing accuracy: 20.06%, loss: 2.207
Attack accuracy: 0.00%
Round   1:
selected clients:[11, 22, 33, 44, 5, 15, 23, 45, 55, 21, 26, 57, 95, 87, 56, 9, 32, 82, 41, 36]
malicious client:11
malicious client:22
malicious client:33
malicious client:44
The benign clients: [95. 82. 45. 57.  9. 15. 87. 41. 21. 26.],
	 scores:[0.2  0.22 0.26 0.39 0.42 0.47 0.49 0.53 0.55 0.58]
The malicious clients: [32. 56. 23.  5. 22. 11. 36. 44. 33. 55.],
	 scores:[0.58 0.72 1.21 1.47 2.38 3.66 4.64 5.14 6.82 7.26]
Training average loss 1.458
Testing accuracy: 26.13%, loss: 1.997
Attack accuracy: 0.00%
Round   2:
selected clients:[11, 22, 33, 44, 60, 95, 29, 20, 24, 94, 78, 63, 37, 61, 84, 16, 30, 31, 55, 34]
malicious client:11
malicious client:22
malicious client:33
malicious client:44
The benign clients: [95. 84. 16. 63. 94. 29. 37. 20. 30. 31.],
	 scores:[0.15 0.17 0.22 0.31 0.47 0.49 0.51 0.54 0.57 0.7 ]
The malicious clients: [60. 78. 44. 24. 34. 33. 11. 22. 55. 61.],
	 scores:[ 0.76  1.21  1.21  1.33  1.59  2.15  2.64  2.73  2.84 17.42]
Training average loss 1.363
Testing accuracy: 36.54%, loss: 1.791
Attack accuracy: 0.00%
Round   3:
selected clients:[11, 22, 33, 44, 53, 56, 18, 63, 57, 20, 86, 37, 36, 68, 87, 35, 83, 17, 9, 91]
malicious client:11
malicious client:22
malicious client:33
malicious client:44
The benign clients: [56. 63. 87. 91. 86. 83. 68. 35. 20.  9.],
	 scores:[0.22 0.29 0.36 0.38 0.39 0.41 0.52 0.56 0.59 0.6 ]
The malicious clients: [57. 17. 37. 22. 33. 36. 44. 11. 53. 18.],
	 scores:[0.62 0.65 0.66 1.83 1.96 2.62 3.17 3.72 9.21 9.24]
Training average loss 1.261
Testing accuracy: 38.95%, loss: 1.670
Attack accuracy: 0.00%
Round   4:
selected clients:[11, 22, 33, 44, 93, 43, 32, 69, 2, 49, 7, 50, 70, 68, 18, 42, 55, 86, 39, 57]
malicious client:11
malicious client:22
malicious client:33
malicious client:44
The benign clients: [50. 70.  2. 49. 86. 39. 57. 32. 33.  7.],
	 scores:[0.15 0.24 0.41 0.41 0.41 0.46 0.46 0.48 0.49 0.51]
The malicious clients: [69. 93. 42. 68. 44. 43. 22. 11. 55. 18.],
	 scores:[ 0.55  0.64  0.8   1.58  2.98  3.25  3.62  3.79  5.39 11.38]
Training average loss 1.234
Testing accuracy: 40.20%, loss: 1.635
Attack accuracy: 100.00%
Round   5:
selected clients:[11, 22, 33, 44, 34, 95, 27, 23, 10, 16, 46, 25, 72, 45, 82, 51, 69, 99, 94, 12]
malicious client:11
malicious client:22
malicious client:33
malicious client:44
The benign clients: [82. 45. 72. 44. 25. 12. 51. 23. 11. 46.],
	 scores:[0.03 0.05 0.16 0.2  0.22 0.24 0.28 0.31 0.32 0.4 ]
The malicious clients: [34. 94. 95. 16. 27. 22. 69. 33. 99. 10.],
	 scores:[ 0.46  0.47  0.51  0.57  0.67  0.72  1.15  4.32  9.99 16.92]
Training average loss 1.190
Testing accuracy: 44.38%, loss: 1.551
Attack accuracy: 100.00%
Round   6:
selected clients:[11, 22, 33, 44, 83, 56, 20, 57, 28, 36, 62, 47, 68, 92, 89, 81, 78, 9, 30, 12]
malicious client:11
malicious client:22
malicious client:33
malicious client:44
The benign clients: [56. 57. 89. 20. 47. 12. 28. 83. 81. 78.],
	 scores:[0.36 0.37 0.51 0.58 0.6  0.6  0.62 0.63 0.66 0.67]
The malicious clients: [68. 30.  9. 22. 33. 62. 11. 44. 92. 36.],
	 scores:[0.75 1.5  1.66 2.51 2.64 3.09 3.36 4.6  4.88 7.41]
Training average loss 1.131
Testing accuracy: 45.26%, loss: 1.525
Attack accuracy: 100.00%
Round   7:
selected clients:[11, 22, 33, 44, 2, 9, 53, 43, 77, 51, 67, 13, 56, 47, 54, 90, 4, 99, 60, 45]
malicious client:11
malicious client:22
malicious client:33
malicious client:44
The benign clients: [45. 51.  4. 54. 56. 90. 53.  2. 43. 13.],
	 scores:[0.01 0.25 0.27 0.38 0.39 0.47 0.47 0.48 0.5  0.53]
The malicious clients: [ 9. 67. 60. 33. 47. 22. 77. 44. 11. 99.],
	 scores:[ 0.53  0.54  0.55  0.75  0.91  2.44  3.03  5.96  6.32 13.21]
Training average loss 1.107
Testing accuracy: 47.29%, loss: 1.492
Attack accuracy: 0.00%
Round   8:
selected clients:[11, 22, 33, 44, 74, 6, 52, 68, 96, 77, 65, 7, 61, 39, 42, 50, 72, 35, 36, 81]
malicious client:11
malicious client:22
malicious client:33
malicious client:44
The benign clients: [81.  7.  6. 68. 72. 74. 52. 35. 96. 65.],
	 scores:[0.22 0.25 0.25 0.27 0.37 0.39 0.42 0.46 0.53 0.69]
The malicious clients: [39. 42. 50. 36. 11. 77. 33. 44. 22. 61.],
	 scores:[ 0.75  0.92  1.1   1.4   1.7   1.77  2.62  2.71  5.35 15.81]
Training average loss 1.119
Testing accuracy: 48.76%, loss: 1.438
Attack accuracy: 0.00%
Round   9:
selected clients:[11, 22, 33, 44, 52, 95, 70, 98, 73, 14, 37, 5, 79, 24, 62, 51, 72, 20, 41, 15]
malicious client:11
malicious client:22
malicious client:33
malicious client:44
The benign clients: [52.  5. 15. 20. 79. 41. 70. 98. 14. 24.],
	 scores:[0.25 0.3  0.4  0.44 0.46 0.47 0.48 0.48 0.48 0.49]
The malicious clients: [62. 37. 95. 72. 51. 11. 33. 22. 73. 44.],
	 scores:[0.56 0.76 1.01 1.12 1.2  2.94 4.01 5.23 8.08 8.82]
Training average loss 1.120
Testing accuracy: 45.92%, loss: 1.460
Attack accuracy: 0.00%
Round  10:
selected clients:[11, 22, 33, 44, 91, 35, 59, 0, 48, 89, 64, 95, 1, 21, 46, 26, 97, 90, 69, 96]
malicious client:11
malicious client:22
malicious client:33
malicious client:44
The benign clients: [95. 97. 21. 91. 59. 89. 69. 46. 90. 35.],
	 scores:[0.33 0.34 0.38 0.41 0.42 0.43 0.43 0.44 0.45 0.49]
The malicious clients: [64.  0. 48. 26. 44. 33.  1. 11. 22. 96.],
	 scores:[0.49 0.6  0.76 0.92 3.96 4.11 4.31 4.69 6.9  7.14]
Training average loss 1.120
Testing accuracy: 49.37%, loss: 1.407
Attack accuracy: 0.00%
Round  11:
selected clients:[11, 22, 33, 44, 16, 23, 76, 83, 56, 17, 18, 69, 49, 75, 81, 87, 30, 65, 20, 54]
malicious client:11
malicious client:22
malicious client:33
malicious client:44
The benign clients: [56. 16. 49. 54. 87. 23. 83. 69. 20. 17.],
	 scores:[0.2  0.44 0.51 0.54 0.54 0.54 0.56 0.61 0.81 1.05]
The malicious clients: [30. 75. 18. 65. 76. 81. 22. 44. 33. 11.],
	 scores:[1.35 1.38 1.54 2.23 2.37 3.6  3.9  4.65 4.69 6.47]
Training average loss 1.038
Testing accuracy: 48.82%, loss: 1.402
Attack accuracy: 0.00%
Round  12:
selected clients:[11, 22, 33, 44, 58, 74, 87, 57, 53, 61, 1, 43, 62, 37, 45, 76, 4, 99, 15, 82]
malicious client:11
malicious client:22
malicious client:33
malicious client:44
The benign clients: [82. 45. 37. 57. 44. 33. 15. 74. 58.  4.],
	 scores:[0.08 0.11 0.14 0.25 0.31 0.33 0.39 0.42 0.55 0.58]
The malicious clients: [43.  1. 62. 11. 76. 87. 22. 53. 99. 61.],
	 scores:[ 0.59  0.61  0.65  0.66  0.76  0.78  1.    5.28  6.67 17.83]
Training average loss 1.034
Testing accuracy: 46.86%, loss: 1.433
Attack accuracy: 100.00%
Round  13:
selected clients:[11, 22, 33, 44, 67, 60, 71, 91, 13, 56, 54, 15, 97, 9, 57, 14, 4, 69, 68, 89]
malicious client:11
malicious client:22
malicious client:33
malicious client:44
The benign clients: [97. 68. 13. 54. 14. 91. 15. 69. 60. 56.],
	 scores:[0.   0.36 0.46 0.52 0.54 0.56 0.58 0.6  0.61 0.63]
The malicious clients: [ 4. 67. 57. 11. 89. 71.  9. 22. 33. 44.],
	 scores:[0.63 0.88 1.11 2.15 2.24 2.48 4.42 4.88 4.91 9.44]
Training average loss 1.027
Testing accuracy: 50.53%, loss: 1.377
Attack accuracy: 0.00%
Round  14:
selected clients:[11, 22, 33, 44, 13, 82, 75, 65, 28, 50, 66, 2, 91, 61, 85, 47, 4, 54, 76, 92]
malicious client:11
malicious client:22
malicious client:33
malicious client:44
The benign clients: [65. 92. 54. 28. 75. 85. 91. 13. 50. 47.],
	 scores:[0.04 0.09 0.22 0.32 0.33 0.34 0.34 0.37 0.45 0.45]
The malicious clients: [66.  4. 44. 82.  2. 11. 33. 76. 22. 61.],
	 scores:[ 0.5   0.64  1.    1.03  1.2   1.5   3.29  3.44  4.59 17.88]
Training average loss 0.986
Testing accuracy: 50.94%, loss: 1.354
Attack accuracy: 100.00%
Round  15:
selected clients:[11, 22, 33, 44, 5, 50, 48, 54, 2, 56, 31, 71, 46, 59, 83, 89, 66, 28, 72, 91]
malicious client:11
malicious client:22
malicious client:33
malicious client:44
The benign clients: [89. 46.  2. 56. 66. 28. 91. 71. 59. 54.],
	 scores:[0.07 0.46 0.54 0.55 0.56 0.65 0.66 0.85 1.01 1.08]
The malicious clients: [72. 31. 48. 50.  5. 83. 11. 33. 22. 44.],
	 scores:[1.25 1.51 1.76 1.82 2.36 2.4  3.09 3.76 5.79 7.83]
Training average loss 0.972
Testing accuracy: 54.01%, loss: 1.307
Attack accuracy: 0.00%
Round  16:
selected clients:[11, 22, 33, 44, 1, 6, 95, 83, 55, 87, 21, 45, 7, 71, 57, 64, 27, 86, 10, 42]
malicious client:11
malicious client:22
malicious client:33
malicious client:44
The benign clients: [64. 45. 42. 71. 57.  1.  6. 87. 95. 27.],
	 scores:[0.07 0.18 0.26 0.35 0.45 0.53 0.56 0.62 0.65 0.68]
The malicious clients: [86. 21.  7. 83. 55. 44. 11. 33. 22. 10.],
	 scores:[ 0.73  0.89  1.25  1.34  1.52  1.56  1.91  2.3   4.28 17.85]
Training average loss 0.960
Testing accuracy: 52.46%, loss: 1.321
Attack accuracy: 0.00%
Round  17:
selected clients:[11, 22, 33, 44, 65, 25, 74, 43, 90, 53, 99, 38, 9, 59, 14, 1, 6, 93, 37, 84]
malicious client:11
malicious client:22
malicious client:33
malicious client:44
The benign clients: [37.  6. 74. 84.  1. 65. 38.  9. 90. 43.],
	 scores:[0.22 0.31 0.44 0.49 0.49 0.51 0.54 0.55 0.6  0.62]
The malicious clients: [93. 14. 25. 59. 33. 22. 11. 44. 53. 99.],
	 scores:[ 0.62  0.7   0.82  0.99  1.07  2.01  2.63  2.87  8.88 12.64]
Training average loss 0.988
Testing accuracy: 54.99%, loss: 1.270
Attack accuracy: 0.00%
Round  18:
selected clients:[11, 22, 33, 44, 75, 39, 29, 54, 77, 10, 18, 23, 81, 0, 78, 83, 6, 13, 94, 19]
malicious client:11
malicious client:22
malicious client:33
malicious client:44
The benign clients: [ 6. 13.  0. 23. 78. 29. 54. 94. 83. 19.],
	 scores:[0.09 0.1  0.16 0.27 0.29 0.36 0.39 0.45 0.46 0.48]
The malicious clients: [39. 44. 18. 11. 75. 33. 22. 81. 77. 10.],
	 scores:[ 0.52  0.89  0.95  0.97  1.14  1.71  2.86  3.67  4.42 17.82]
Training average loss 0.981
Testing accuracy: 53.40%, loss: 1.295
Attack accuracy: 0.00%
Round  19:
selected clients:[11, 22, 33, 44, 88, 92, 70, 76, 86, 24, 15, 74, 81, 30, 94, 23, 78, 60, 29, 89]
malicious client:11
malicious client:22
malicious client:33
malicious client:44
The benign clients: [29. 60. 70. 74. 78. 15. 88. 23. 94. 89.],
	 scores:[0.19 0.28 0.35 0.35 0.37 0.4  0.42 0.44 0.48 0.52]
The malicious clients: [86. 44. 24. 11. 30. 76. 81. 33. 22. 92.],
	 scores:[ 0.52  0.55  0.62  0.87  1.02  2.49  2.81  4.15  4.99 16.19]
Training average loss 0.948
Testing accuracy: 54.70%, loss: 1.261
Attack accuracy: 0.00%
Round  20:
selected clients:[11, 22, 33, 44, 66, 87, 51, 97, 95, 41, 62, 86, 84, 77, 8, 25, 14, 89, 54, 7]
malicious client:11
malicious client:22
malicious client:33
malicious client:44
The benign clients: [87. 84. 54. 14. 25. 51. 97. 66. 95.  7.],
	 scores:[0.4  0.41 0.46 0.48 0.49 0.55 0.56 0.56 0.56 0.57]
The malicious clients: [89. 62. 86. 41. 33. 22. 11. 44. 77.  8.],
	 scores:[0.58 0.58 0.62 0.88 2.47 3.67 4.67 5.99 6.56 6.95]
Training average loss 0.923
Testing accuracy: 48.88%, loss: 1.379
Attack accuracy: 0.00%
Round  21:
selected clients:[11, 22, 33, 44, 73, 14, 99, 74, 7, 37, 9, 8, 13, 60, 78, 62, 65, 93, 3, 54]
malicious client:11
malicious client:22
malicious client:33
malicious client:44
The benign clients: [65. 74.  8. 62. 54.  9.  7. 37. 60. 78.],
	 scores:[0.28 0.41 0.42 0.46 0.49 0.5  0.53 0.58 0.6  0.64]
The malicious clients: [13. 93. 73. 44.  3. 14. 33. 22. 11. 99.],
	 scores:[ 0.66  1.    1.11  1.14  1.24  1.99  2.39  4.32  5.79 13.43]
Training average loss 0.941
Testing accuracy: 55.20%, loss: 1.247
Attack accuracy: 0.00%
Round  22:
selected clients:[11, 22, 33, 44, 56, 7, 68, 31, 24, 46, 83, 78, 91, 84, 71, 8, 58, 4, 18, 89]
malicious client:11
malicious client:22
malicious client:33
malicious client:44
The benign clients: [89. 46. 68. 84.  7.  4. 78. 24. 56. 91.],
	 scores:[0.13 0.4  0.41 0.48 0.57 0.61 0.66 0.68 0.74 0.76]
The malicious clients: [58. 71. 83. 31. 33. 18. 22. 11.  8. 44.],
	 scores:[ 0.78  0.8   1.02  1.87  1.9   2.02  3.8   4.56  5.71 10.08]
Training average loss 0.848
Testing accuracy: 54.10%, loss: 1.248
Attack accuracy: 0.00%
Round  23:
selected clients:[11, 22, 33, 44, 21, 93, 23, 27, 15, 42, 20, 12, 97, 38, 94, 69, 59, 64, 70, 3]
malicious client:11
malicious client:22
malicious client:33
malicious client:44
The benign clients: [15. 12. 93. 64. 23. 94. 70. 21. 27. 42.],
	 scores:[0.11 0.15 0.19 0.21 0.33 0.43 0.44 0.45 0.45 0.46]
The malicious clients: [38. 69. 97.  3. 59. 20. 11. 22. 33. 44.],
	 scores:[ 0.5   0.58  0.62  0.71  0.76  0.97  3.86  6.9   7.02 12.86]
Training average loss 0.933
Testing accuracy: 56.19%, loss: 1.206
Attack accuracy: 0.00%
Round  24:
selected clients:[11, 22, 33, 44, 98, 4, 90, 89, 55, 50, 91, 49, 39, 56, 30, 53, 21, 60, 76, 85]
malicious client:11
malicious client:22
malicious client:33
malicious client:44
The benign clients: [85. 91. 60. 90. 49. 98. 56. 89. 55. 21.],
	 scores:[0.17 0.19 0.19 0.2  0.2  0.24 0.26 0.3  0.53 0.6 ]
The malicious clients: [50. 44. 39. 11.  4. 76. 30. 22. 33. 53.],
	 scores:[ 0.74  0.86  1.04  1.14  1.55  2.06  2.11  4.08  4.43 17.13]
Training average loss 0.907
Testing accuracy: 56.62%, loss: 1.188
Attack accuracy: 0.00%
Round  25:
selected clients:[11, 22, 33, 44, 94, 27, 29, 70, 45, 69, 76, 53, 93, 67, 35, 60, 82, 84, 74, 17]
malicious client:11
malicious client:22
malicious client:33
malicious client:44
The benign clients: [45. 74. 82. 93. 84. 35. 27. 94. 67. 60.],
	 scores:[0.03 0.14 0.18 0.35 0.42 0.47 0.51 0.52 0.56 0.57]
The malicious clients: [70. 69. 29. 76. 17. 11. 33. 22. 44. 53.],
	 scores:[ 0.59  0.59  0.61  0.98  1.14  2.26  4.38  5.28  5.82 12.59]
Training average loss 0.906
Testing accuracy: 57.03%, loss: 1.189
Attack accuracy: 0.00%
Round  26:
selected clients:[11, 22, 33, 44, 30, 38, 90, 64, 93, 65, 49, 61, 18, 79, 27, 82, 36, 19, 83, 20]
malicious client:11
malicious client:22
malicious client:33
malicious client:44
The benign clients: [82. 65. 30. 64. 18. 79. 38. 27. 93. 19.],
	 scores:[0.11 0.19 0.2  0.26 0.43 0.45 0.48 0.62 0.64 0.73]
The malicious clients: [90. 83. 20. 49. 11. 33. 44. 22. 36. 61.],
	 scores:[ 0.78  0.96  1.01  1.04  1.43  1.58  2.35  3.9   4.   16.84]
Training average loss 0.862
Testing accuracy: 59.01%, loss: 1.160
Attack accuracy: 0.00%
Round  27:
selected clients:[11, 22, 33, 44, 88, 53, 57, 52, 48, 42, 81, 59, 12, 21, 84, 3, 49, 5, 73, 25]
malicious client:11
malicious client:22
malicious client:33
malicious client:44
The benign clients: [25. 52. 84. 42. 57. 81.  3. 21.  5. 12.],
	 scores:[0.04 0.25 0.29 0.39 0.44 0.47 0.47 0.56 0.62 0.69]
The malicious clients: [11. 49. 44. 73. 88. 59. 48. 22. 33. 53.],
	 scores:[ 0.81  0.82  0.91  1.13  1.18  1.31  1.58  4.47  5.69 15.89]
Training average loss 0.900
Testing accuracy: 58.80%, loss: 1.157
Attack accuracy: 0.00%
Round  28:
selected clients:[11, 22, 33, 44, 62, 90, 70, 43, 3, 34, 12, 53, 35, 67, 6, 50, 13, 37, 82, 91]
malicious client:11
malicious client:22
malicious client:33
malicious client:44
The benign clients: [ 6. 82. 67. 43. 90. 91. 35. 62. 70. 44.],
	 scores:[0.16 0.17 0.24 0.25 0.26 0.29 0.3  0.36 0.4  0.47]
The malicious clients: [50. 34.  3. 12. 11. 13. 37. 33. 22. 53.],
	 scores:[ 0.53  0.57  0.83  0.96  0.98  1.03  1.68  4.53  7.42 16.57]
Training average loss 0.864
Testing accuracy: 55.91%, loss: 1.203
Attack accuracy: 0.00%
Round  29:
selected clients:[11, 22, 33, 44, 0, 6, 30, 47, 17, 91, 43, 99, 40, 38, 68, 10, 39, 83, 98, 95]
malicious client:11
malicious client:22
malicious client:33
malicious client:44
The benign clients: [30. 68. 11.  0. 44. 47. 43. 91. 38.  6.],
	 scores:[0.08 0.1  0.11 0.15 0.2  0.26 0.32 0.38 0.44 0.52]
The malicious clients: [17. 98. 39. 95. 83. 22. 33. 40. 99. 10.],
	 scores:[ 0.54  0.56  0.61  0.62  0.73  0.75  1.05  1.26 11.69 17.63]
Training average loss 0.871
Testing accuracy: 59.18%, loss: 1.140
Attack accuracy: 100.00%
Round  30:
selected clients:[11, 22, 33, 44, 4, 16, 49, 5, 27, 45, 73, 28, 91, 32, 41, 59, 62, 81, 70, 63]
malicious client:11
malicious client:22
malicious client:33
malicious client:44
The benign clients: [91. 45. 70. 63.  5. 27. 62. 28. 59. 49.],
	 scores:[0.05 0.15 0.44 0.49 0.51 0.54 0.54 0.54 0.55 0.55]
The malicious clients: [32.  4. 41. 16. 11. 81. 73. 22. 33. 44.],
	 scores:[0.57 0.64 0.71 0.89 2.15 3.43 4.54 5.29 7.3  8.11]
Training average loss 0.876
Testing accuracy: 56.95%, loss: 1.176
Attack accuracy: 0.00%
Round  31:
selected clients:[11, 22, 33, 44, 81, 59, 16, 79, 21, 84, 53, 32, 61, 15, 38, 96, 95, 78, 29, 54]
malicious client:11
malicious client:22
malicious client:33
malicious client:44
The benign clients: [96. 54. 32. 15. 84. 38. 21. 59. 79. 16.],
	 scores:[0.21 0.24 0.25 0.47 0.51 0.54 0.54 0.56 0.59 0.62]
The malicious clients: [78. 95. 29. 81. 11. 33. 44. 22. 53. 61.],
	 scores:[ 0.62  0.66  0.7   1.05  1.15  1.69  2.13  3.02  4.47 17.98]
Training average loss 0.881
Testing accuracy: 60.52%, loss: 1.116
Attack accuracy: 0.00%
Round  32:
selected clients:[11, 22, 33, 44, 64, 94, 70, 82, 42, 62, 0, 97, 76, 43, 47, 34, 36, 71, 59, 65]
malicious client:11
malicious client:22
malicious client:33
malicious client:44
The benign clients: [82. 64. 71. 65. 94. 70. 62. 43. 47. 59.],
	 scores:[0.26 0.36 0.46 0.48 0.63 0.66 0.67 0.67 0.73 0.76]
The malicious clients: [97.  0. 42. 34. 22. 33. 44. 36. 11. 76.],
	 scores:[0.95 0.98 1.01 1.28 3.34 3.77 4.65 4.73 4.78 6.83]
Training average loss 0.815
Testing accuracy: 60.17%, loss: 1.119
Attack accuracy: 0.00%
Round  33:
selected clients:[11, 22, 33, 44, 89, 36, 19, 69, 16, 48, 72, 8, 27, 35, 9, 82, 88, 90, 83, 3]
malicious client:11
malicious client:22
malicious client:33
malicious client:44
The benign clients: [ 3. 72. 48. 88. 89. 19. 90. 83. 69. 35.],
	 scores:[0.25 0.33 0.35 0.42 0.44 0.48 0.51 0.52 0.54 0.57]
The malicious clients: [16. 82. 33. 11. 27.  8. 22.  9. 44. 36.],
	 scores:[ 0.61  0.99  1.01  1.09  1.21  2.36  3.55  3.95  8.57 10.24]
Training average loss 0.782
Testing accuracy: 60.87%, loss: 1.115
Attack accuracy: 0.00%
Round  34:
selected clients:[11, 22, 33, 44, 72, 1, 16, 73, 59, 7, 4, 58, 85, 50, 10, 60, 51, 15, 75, 82]
malicious client:11
malicious client:22
malicious client:33
malicious client:44
The benign clients: [85. 75. 15. 51. 60.  7. 58. 72. 50.  4.],
	 scores:[0.12 0.24 0.25 0.29 0.3  0.31 0.38 0.39 0.5  0.54]
The malicious clients: [59.  1. 82. 16. 11. 44. 73. 33. 22. 10.],
	 scores:[ 0.58  0.68  0.78  0.9   1.77  1.83  1.84  3.46  5.05 17.8 ]
Training average loss 0.833
Testing accuracy: 57.63%, loss: 1.166
Attack accuracy: 0.00%
Round  35:
selected clients:[11, 22, 33, 44, 16, 57, 71, 4, 36, 54, 27, 50, 14, 74, 40, 58, 84, 60, 26, 35]
malicious client:11
malicious client:22
malicious client:33
malicious client:44
The benign clients: [26. 27. 11. 35. 74. 14. 54. 16. 60.  4.],
	 scores:[0.19 0.3  0.32 0.36 0.37 0.39 0.42 0.44 0.55 0.56]
The malicious clients: [58. 50. 57. 84. 71. 44. 36. 22. 33. 40.],
	 scores:[0.57 0.6  1.05 1.57 2.57 3.68 3.81 4.12 7.5  8.63]
Training average loss 0.791
Testing accuracy: 58.92%, loss: 1.145
Attack accuracy: 0.00%
Round  36:
selected clients:[11, 22, 33, 44, 91, 18, 68, 31, 94, 76, 16, 3, 2, 54, 78, 83, 57, 64, 47, 8]
malicious client:11
malicious client:22
malicious client:33
malicious client:44
The benign clients: [ 2. 47. 83. 64. 94. 91.  3. 78. 57. 16.],
	 scores:[0.05 0.1  0.18 0.36 0.38 0.58 0.69 0.7  0.7  0.71]
The malicious clients: [54.  8. 18. 68. 76. 22. 33. 11. 31. 44.],
	 scores:[0.81 0.97 1.15 1.85 2.01 2.47 4.92 5.68 5.89 7.8 ]
Training average loss 0.741
Testing accuracy: 61.73%, loss: 1.080
Attack accuracy: 0.00%
Round  37:
selected clients:[11, 22, 33, 44, 12, 36, 15, 99, 40, 61, 37, 45, 68, 8, 70, 96, 65, 55, 79, 26]
malicious client:11
malicious client:22
malicious client:33
malicious client:44
The benign clients: [45. 37. 33. 15. 26. 79. 70. 96. 61. 12.],
	 scores:[0.25 0.38 0.39 0.56 0.57 0.59 0.6  0.61 0.63 0.64]
The malicious clients: [55. 68. 22. 36. 40. 65. 11.  8. 44. 99.],
	 scores:[ 0.65  0.65  0.99  1.09  1.14  1.21  3.39  5.67  6.12 11.89]
Training average loss 0.763
Testing accuracy: 58.88%, loss: 1.121
Attack accuracy: 100.00%
Round  38:
selected clients:[11, 22, 33, 44, 60, 30, 42, 17, 78, 98, 53, 13, 70, 82, 88, 97, 63, 15, 19, 1]
malicious client:11
malicious client:22
malicious client:33
malicious client:44
The benign clients: [82. 15. 70. 97. 13. 19. 98. 42. 78. 17.],
	 scores:[0.07 0.23 0.25 0.31 0.36 0.44 0.47 0.53 0.54 0.56]
The malicious clients: [60.  1. 30. 63. 44. 88. 11. 33. 22. 53.],
	 scores:[ 0.6   1.02  1.14  1.51  1.57  1.76  2.59  4.47  4.73 14.86]
Training average loss 0.795
Testing accuracy: 59.80%, loss: 1.112
Attack accuracy: 0.00%
Round  39:
selected clients:[11, 22, 33, 44, 39, 6, 36, 96, 10, 94, 41, 58, 28, 42, 61, 1, 3, 5, 52, 83]
malicious client:11
malicious client:22
malicious client:33
malicious client:44
The benign clients: [ 6. 52. 41. 28. 58.  5. 94. 61. 44.  3.],
	 scores:[0.07 0.09 0.19 0.34 0.47 0.48 0.53 0.54 0.59 0.6 ]
The malicious clients: [ 1. 96. 39. 42. 83. 11. 36. 22. 33. 10.],
	 scores:[ 0.68  0.7   0.8   1.08  1.35  1.54  2.    4.06  4.07 17.82]
Training average loss 0.821
Testing accuracy: 61.01%, loss: 1.099
Attack accuracy: 100.00%
Round  40:
selected clients:[11, 22, 33, 44, 9, 7, 93, 59, 1, 84, 43, 92, 40, 75, 72, 82, 14, 48, 4, 23]
malicious client:11
malicious client:22
malicious client:33
malicious client:44
The benign clients: [72. 43. 93. 82.  7. 59. 75.  4. 14.  9.],
	 scores:[0.2  0.4  0.41 0.43 0.59 0.6  0.61 0.74 0.76 0.89]
The malicious clients: [23. 11. 84. 40.  1. 48. 92. 33. 22. 44.],
	 scores:[0.94 1.21 1.37 1.46 1.5  1.83 4.65 4.69 5.37 9.34]
Training average loss 0.773
Testing accuracy: 60.35%, loss: 1.096
Attack accuracy: 0.00%
Round  41:
selected clients:[11, 22, 33, 44, 58, 95, 75, 87, 68, 23, 26, 81, 78, 48, 34, 2, 3, 9, 14, 18]
malicious client:11
malicious client:22
malicious client:33
malicious client:44
The benign clients: [18. 23. 75. 26. 95. 58. 14.  9. 78. 87.],
	 scores:[0.47 0.55 0.66 0.67 0.67 0.69 0.76 0.79 1.08 1.11]
The malicious clients: [11. 48.  3. 68. 81.  2. 34. 22. 33. 44.],
	 scores:[ 1.31  1.35  1.53  1.61  1.74  1.77  2.51  2.95  4.81 10.97]
Training average loss 0.729
Testing accuracy: 59.86%, loss: 1.112
Attack accuracy: 0.00%
Round  42:
selected clients:[11, 22, 33, 44, 30, 25, 1, 98, 35, 64, 74, 28, 26, 90, 54, 78, 32, 97, 7, 88]
malicious client:11
malicious client:22
malicious client:33
malicious client:44
The benign clients: [98. 35. 64. 90. 25.  1. 74.  7. 54. 28.],
	 scores:[0.14 0.15 0.15 0.4  0.5  0.54 0.76 0.76 0.76 0.81]
The malicious clients: [97. 26. 78. 30. 88. 32. 22. 11. 33. 44.],
	 scores:[0.84 1.04 1.05 1.14 1.21 1.98 4.79 5.23 7.63 8.13]
Training average loss 0.752
Testing accuracy: 63.24%, loss: 1.048
Attack accuracy: 0.00%
Round  43:
selected clients:[11, 22, 33, 44, 66, 90, 1, 65, 67, 92, 98, 99, 15, 69, 82, 31, 64, 26, 17, 32]
malicious client:11
malicious client:22
malicious client:33
malicious client:44
The benign clients: [64. 31. 82. 32. 26. 11. 98. 15.  1. 66.],
	 scores:[0.04 0.13 0.18 0.27 0.33 0.43 0.49 0.51 0.52 0.53]
The malicious clients: [69. 90. 67. 65. 22. 17. 33. 44. 92. 99.],
	 scores:[ 0.54  0.56  0.57  0.6   0.96  1.29  1.41  2.55 12.67 13.42]
Training average loss 0.791
Testing accuracy: 61.02%, loss: 1.095
Attack accuracy: 100.00%
Round  44:
selected clients:[11, 22, 33, 44, 19, 14, 66, 90, 3, 21, 32, 23, 57, 50, 43, 45, 51, 35, 73, 13]
malicious client:11
malicious client:22
malicious client:33
malicious client:44
The benign clients: [13. 21. 90. 57. 23. 32. 66. 43. 51. 35.],
	 scores:[0.18 0.23 0.3  0.43 0.43 0.5  0.58 0.6  0.6  0.61]
The malicious clients: [50. 45. 14.  3. 19. 44. 22. 73. 33. 11.],
	 scores:[0.69 1.48 1.56 1.6  1.69 2.49 3.85 4.66 7.75 7.77]
Training average loss 0.745
Testing accuracy: 63.42%, loss: 1.042
Attack accuracy: 0.00%
Round  45:
selected clients:[11, 22, 33, 44, 78, 2, 56, 3, 27, 32, 20, 58, 74, 69, 68, 89, 85, 95, 62, 42]
malicious client:11
malicious client:22
malicious client:33
malicious client:44
The benign clients: [27. 74. 89. 32. 95. 58. 62. 20. 78. 85.],
	 scores:[0.28 0.3  0.42 0.45 0.49 0.57 0.58 0.6  0.73 0.84]
The malicious clients: [56. 69. 68.  3. 42. 22. 44.  2. 33. 11.],
	 scores:[0.88 1.29 1.54 1.76 2.65 3.77 4.05 4.68 5.21 6.9 ]
Training average loss 0.719
Testing accuracy: 62.37%, loss: 1.064
Attack accuracy: 0.00%
Round  46:
selected clients:[11, 22, 33, 44, 36, 57, 12, 20, 84, 91, 63, 62, 40, 49, 31, 41, 88, 67, 74, 27]
malicious client:11
malicious client:22
malicious client:33
malicious client:44
The benign clients: [74. 27. 20. 41. 31. 67. 36. 91. 12. 62.],
	 scores:[0.04 0.27 0.43 0.52 0.52 0.62 0.77 0.85 0.86 0.88]
The malicious clients: [49. 57. 40. 84. 44. 88. 11. 22. 33. 63.],
	 scores:[0.9  0.95 1.19 1.4  2.04 2.12 4.85 5.57 6.39 6.84]
Training average loss 0.759
Testing accuracy: 62.22%, loss: 1.057
Attack accuracy: 0.00%
Round  47:
selected clients:[11, 22, 33, 44, 76, 30, 90, 25, 67, 92, 48, 72, 83, 62, 29, 93, 15, 39, 69, 32]
malicious client:11
malicious client:22
malicious client:33
malicious client:44
The benign clients: [90. 48. 72. 39. 69. 93. 83. 25. 29. 44.],
	 scores:[0.14 0.27 0.29 0.3  0.4  0.43 0.43 0.49 0.5  0.57]
The malicious clients: [30. 15. 67. 32. 11. 62. 22. 33. 76. 92.],
	 scores:[ 0.57  0.67  0.72  0.86  1.1   1.67  3.63  3.88  5.26 15.82]
Training average loss 0.747
Testing accuracy: 61.94%, loss: 1.063
Attack accuracy: 100.00%
Round  48:
selected clients:[11, 22, 33, 44, 45, 98, 91, 5, 71, 95, 10, 41, 34, 28, 0, 85, 39, 7, 42, 66]
malicious client:11
malicious client:22
malicious client:33
malicious client:44
The benign clients: [41. 42. 91. 45.  7.  5. 39. 44.  0. 28.],
	 scores:[0.16 0.19 0.23 0.31 0.32 0.47 0.6  0.62 0.65 0.81]
The malicious clients: [71. 95. 98. 85. 66. 11. 34. 33. 22. 10.],
	 scores:[ 0.86  0.89  0.92  1.03  1.03  1.08  1.17  3.22  6.3  17.15]
Training average loss 0.753
Testing accuracy: 61.10%, loss: 1.071
Attack accuracy: 100.00%
Round  49:
selected clients:[11, 22, 33, 44, 4, 5, 71, 67, 21, 45, 46, 35, 0, 6, 69, 9, 89, 72, 26, 55]
malicious client:11
malicious client:22
malicious client:33
malicious client:44
The benign clients: [72.  4. 45. 71. 67.  6.  0. 46.  5. 69.],
	 scores:[0.12 0.18 0.22 0.23 0.3  0.3  0.32 0.37 0.59 0.63]
The malicious clients: [35. 21. 26. 89.  9. 11. 33. 44. 22. 55.],
	 scores:[ 0.65  0.68  0.7   0.71  1.07  1.76  3.25  4.02  4.22 17.67]
Training average loss 0.748
Testing accuracy: 59.26%, loss: 1.117
Attack accuracy: 0.00%
Round  50:
selected clients:[11, 22, 33, 44, 30, 82, 60, 89, 35, 3, 28, 21, 92, 31, 20, 96, 94, 24, 88, 5]
malicious client:11
malicious client:22
malicious client:33
malicious client:44
The benign clients: [30. 82. 24.  5. 28. 60. 31. 21. 89. 94.],
	 scores:[0.16 0.18 0.48 0.54 0.55 0.6  0.65 0.65 0.66 0.71]
The malicious clients: [35. 88. 11. 20. 96.  3. 22. 33. 44. 92.],
	 scores:[0.87 0.92 1.07 1.24 1.39 1.92 4.45 5.83 7.19 7.92]
Training average loss 0.723
Testing accuracy: 64.52%, loss: 1.009
Attack accuracy: 0.00%
Round  51:
selected clients:[11, 22, 33, 44, 16, 70, 0, 63, 72, 52, 48, 36, 97, 69, 5, 35, 4, 98, 3, 73]
malicious client:11
malicious client:22
malicious client:33
malicious client:44
The benign clients: [52.  0. 97. 69. 72.  4.  5. 63. 98. 35.],
	 scores:[0.04 0.24 0.41 0.54 0.56 0.6  0.64 0.65 0.68 0.68]
The malicious clients: [70. 16. 48.  3. 11. 22. 33. 73. 36. 44.],
	 scores:[0.73 0.77 0.92 1.92 2.16 3.   4.54 5.25 6.6  7.06]
Training average loss 0.745
Testing accuracy: 60.80%, loss: 1.092
Attack accuracy: 0.00%
Round  52:
selected clients:[11, 22, 33, 44, 48, 98, 45, 4, 5, 67, 65, 68, 82, 56, 58, 91, 19, 18, 20, 43]
malicious client:11
malicious client:22
malicious client:33
malicious client:44
The benign clients: [45. 56. 68. 91. 58. 18. 20. 43. 19.  4.],
	 scores:[0.11 0.28 0.3  0.49 0.53 0.65 0.65 0.74 0.76 0.79]
The malicious clients: [98. 48. 11.  5. 67. 82. 65. 22. 33. 44.],
	 scores:[0.85 1.08 1.12 1.5  1.51 3.01 3.07 5.14 5.94 9.48]
Training average loss 0.672
Testing accuracy: 60.68%, loss: 1.089
Attack accuracy: 0.00%
Round  53:
selected clients:[11, 22, 33, 44, 54, 51, 7, 38, 5, 87, 4, 45, 70, 1, 83, 68, 36, 65, 2, 85]
malicious client:11
malicious client:22
malicious client:33
malicious client:44
The benign clients: [ 7. 68. 38. 87. 54. 65.  5. 85. 45.  4.],
	 scores:[0.18 0.27 0.34 0.42 0.43 0.44 0.44 0.45 0.48 0.51]
The malicious clients: [70. 51.  2.  1. 83. 11. 36. 22. 33. 44.],
	 scores:[ 0.64  0.77  0.79  0.86  1.26  2.2   3.03  5.    7.38 12.11]
Training average loss 0.694
Testing accuracy: 63.13%, loss: 1.031
Attack accuracy: 0.00%
Round  54:
selected clients:[11, 22, 33, 44, 75, 94, 45, 99, 64, 58, 50, 42, 71, 27, 70, 61, 18, 4, 39, 35]
malicious client:11
malicious client:22
malicious client:33
malicious client:44
The benign clients: [11. 44. 42. 18. 71. 75. 35. 50.  4. 64.],
	 scores:[0.04 0.07 0.09 0.1  0.15 0.16 0.21 0.22 0.24 0.25]
The malicious clients: [33. 27. 39. 45. 58. 70. 22. 94. 99. 61.],
	 scores:[ 0.26  0.27  0.29  0.29  0.29  0.31  0.31  0.43 16.05 17.97]
Training average loss 0.708
Testing accuracy: 64.25%, loss: 1.010
Attack accuracy: 100.00%
Round  55:
selected clients:[11, 22, 33, 44, 88, 1, 67, 17, 72, 2, 5, 85, 89, 83, 82, 29, 41, 34, 93, 70]
malicious client:11
malicious client:22
malicious client:33
malicious client:44
The benign clients: [93. 88.  1. 89. 83.  5. 29. 70.  2. 72.],
	 scores:[0.33 0.35 0.39 0.4  0.47 0.52 0.58 0.6  0.85 0.87]
The malicious clients: [17. 41. 82. 34. 67. 85. 11. 22. 33. 44.],
	 scores:[0.91 0.94 0.96 1.42 1.5  2.11 3.77 5.14 5.9  9.98]
Training average loss 0.710
Testing accuracy: 64.44%, loss: 1.010
Attack accuracy: 100.00%
Round  56:
selected clients:[11, 22, 33, 44, 39, 89, 68, 32, 24, 95, 66, 78, 0, 4, 62, 99, 3, 71, 72, 23]
malicious client:11
malicious client:22
malicious client:33
malicious client:44
The benign clients: [23. 32. 95. 24. 89. 78. 62. 66. 72. 39.],
	 scores:[0.08 0.14 0.26 0.29 0.29 0.29 0.3  0.3  0.31 0.31]
The malicious clients: [ 4. 71. 68. 22.  3.  0. 33. 11. 44. 99.],
	 scores:[ 0.32  0.55  1.    1.1   1.21  1.41  1.57  2.52  9.39 16.35]
Training average loss 0.689
Testing accuracy: 63.70%, loss: 1.025
Attack accuracy: 0.00%
Round  57:
selected clients:[11, 22, 33, 44, 27, 76, 46, 23, 56, 61, 25, 94, 17, 92, 7, 50, 89, 5, 43, 63]
malicious client:11
malicious client:22
malicious client:33
malicious client:44
The benign clients: [17. 46. 25. 63.  7. 89. 27. 56.  5. 43.],
	 scores:[0.03 0.23 0.26 0.34 0.35 0.43 0.44 0.44 0.48 0.49]
The malicious clients: [94. 23. 50. 44. 76. 11. 22. 33. 92. 61.],
	 scores:[ 0.51  0.53  0.56  0.81  1.13  1.7   2.45  2.6  10.26 13.96]
Training average loss 0.689
Testing accuracy: 65.36%, loss: 0.979
Attack accuracy: 0.00%
Round  58:
selected clients:[11, 22, 33, 44, 46, 19, 70, 24, 20, 60, 57, 21, 35, 61, 76, 50, 52, 16, 36, 89]
malicious client:11
malicious client:22
malicious client:33
malicious client:44
The benign clients: [89. 20. 52. 60. 19. 21. 16. 46. 35. 24.],
	 scores:[0.27 0.36 0.37 0.37 0.38 0.39 0.42 0.44 0.45 0.45]
The malicious clients: [70. 50. 57. 76. 11. 44. 22. 33. 36. 61.],
	 scores:[ 0.48  0.61  0.86  0.99  1.    1.84  2.48  3.09  5.88 16.85]
Training average loss 0.712
Testing accuracy: 64.03%, loss: 1.017
Attack accuracy: 0.00%
Round  59:
selected clients:[11, 22, 33, 44, 70, 68, 18, 69, 77, 92, 87, 40, 14, 51, 57, 82, 89, 16, 75, 53]
malicious client:11
malicious client:22
malicious client:33
malicious client:44
The benign clients: [82. 87. 92. 68. 51. 89. 75. 70. 69. 14.],
	 scores:[0.12 0.23 0.25 0.33 0.39 0.46 0.62 0.69 0.82 0.84]
The malicious clients: [16. 11. 44. 57. 22. 18. 40. 77. 33. 53.],
	 scores:[ 0.88  0.97  1.08  1.2   2.09  2.16  2.66  2.95  3.19 16.07]
Training average loss 0.687
Testing accuracy: 65.41%, loss: 0.986
Attack accuracy: 0.00%
Round  60:
selected clients:[11, 22, 33, 44, 62, 2, 35, 31, 55, 50, 73, 10, 27, 66, 40, 3, 20, 53, 1, 7]
malicious client:11
malicious client:22
malicious client:33
malicious client:44
The benign clients: [31.  3. 20.  7. 27.  2. 35. 44. 66. 62.],
	 scores:[0.16 0.3  0.34 0.41 0.44 0.52 0.53 0.57 0.72 0.77]
The malicious clients: [ 1. 11. 73. 50. 22. 40. 33. 55. 53. 10.],
	 scores:[ 0.83  0.88  0.9   0.93  2.14  2.42  2.69  3.41  4.24 14.8 ]
Training average loss 0.686
Testing accuracy: 63.97%, loss: 1.003
Attack accuracy: 0.00%
Round  61:
selected clients:[11, 22, 33, 44, 16, 68, 41, 58, 75, 29, 25, 60, 77, 76, 6, 52, 30, 69, 24, 65]
malicious client:11
malicious client:22
malicious client:33
malicious client:44
The benign clients: [24.  6. 68. 65. 16. 25. 75. 69. 58. 60.],
	 scores:[0.18 0.26 0.27 0.47 0.5  0.56 0.57 0.63 0.65 0.65]
The malicious clients: [41. 29. 52. 30. 33. 11. 77. 22. 44. 76.],
	 scores:[0.67 0.76 0.98 2.15 3.38 3.63 3.97 4.47 6.42 6.84]
Training average loss 0.693
Testing accuracy: 64.78%, loss: 0.996
Attack accuracy: 0.00%
Round  62:
selected clients:[11, 22, 33, 44, 73, 90, 93, 92, 56, 20, 51, 30, 37, 48, 70, 77, 8, 17, 36, 3]
malicious client:11
malicious client:22
malicious client:33
malicious client:44
The benign clients: [17. 37. 30. 73. 48.  3. 70. 11. 93. 20.],
	 scores:[0.06 0.12 0.19 0.24 0.3  0.35 0.36 0.36 0.42 0.43]
The malicious clients: [51. 33. 90. 56.  8. 22. 44. 77. 36. 92.],
	 scores:[ 0.46  0.53  0.54  0.56  0.61  1.21  1.82  6.33  8.6  14.52]
Training average loss 0.661
Testing accuracy: 64.09%, loss: 0.996
Attack accuracy: 100.00%
Round  63:
selected clients:[11, 22, 33, 44, 93, 45, 70, 42, 14, 21, 69, 64, 82, 78, 59, 30, 48, 17, 25, 37]
malicious client:11
malicious client:22
malicious client:33
malicious client:44
The benign clients: [64. 30. 93. 70. 14. 21. 42. 78. 45. 17.],
	 scores:[0.22 0.31 0.37 0.39 0.71 0.72 0.73 0.81 0.87 0.9 ]
The malicious clients: [37. 69. 25. 11. 48. 82. 22. 59. 33. 44.],
	 scores:[0.98 1.04 1.55 1.9  2.04 2.64 3.21 3.38 6.61 8.63]
Training average loss 0.654
Testing accuracy: 62.78%, loss: 1.047
Attack accuracy: 0.00%
Round  64:
selected clients:[11, 22, 33, 44, 47, 72, 49, 94, 2, 31, 82, 29, 81, 77, 98, 84, 40, 1, 87, 75]
malicious client:11
malicious client:22
malicious client:33
malicious client:44
The benign clients: [84. 82. 72. 47. 31. 29. 87.  1. 94.  2.],
	 scores:[0.03 0.18 0.19 0.23 0.3  0.7  0.71 0.71 0.73 0.73]
The malicious clients: [11. 98. 75. 49. 81. 22. 33. 40. 44. 77.],
	 scores:[0.75 0.79 0.91 0.99 3.06 3.21 5.2  5.95 6.02 6.64]
Training average loss 0.703
Testing accuracy: 65.78%, loss: 0.978
Attack accuracy: 0.00%
Round  65:
selected clients:[11, 22, 33, 44, 29, 15, 47, 10, 82, 63, 8, 43, 40, 58, 51, 91, 62, 99, 94, 70]
malicious client:11
malicious client:22
malicious client:33
malicious client:44
The benign clients: [63. 44. 11. 15. 33. 22. 82.  8. 62. 47.],
	 scores:[0.02 0.03 0.07 0.11 0.14 0.15 0.19 0.26 0.36 0.37]
The malicious clients: [29. 58. 91. 94. 51. 70. 43. 40. 99. 10.],
	 scores:[ 0.37  0.41  0.43  0.45  0.45  0.46  0.54  3.24 12.34 17.6 ]
Training average loss 0.647
Testing accuracy: 65.24%, loss: 0.981
Attack accuracy: 100.00%
Round  66:
selected clients:[11, 22, 33, 44, 18, 29, 39, 92, 2, 41, 67, 76, 3, 13, 1, 99, 87, 98, 73, 55]
malicious client:11
malicious client:22
malicious client:33
malicious client:44
The benign clients: [11.  3. 29. 13. 22. 39.  2. 41.  1. 87.],
	 scores:[0.07 0.19 0.22 0.33 0.33 0.34 0.36 0.38 0.4  0.41]
The malicious clients: [98. 92. 67. 33. 73. 18. 44. 76. 55. 99.],
	 scores:[ 0.41  0.41  0.46  0.46  0.49  0.56  0.87  1.09 15.02 15.22]
Training average loss 0.664
Testing accuracy: 65.46%, loss: 0.977
Attack accuracy: 100.00%
Round  67:
selected clients:[11, 22, 33, 44, 48, 52, 28, 0, 14, 39, 17, 63, 94, 79, 65, 35, 85, 41, 90, 15]
malicious client:11
malicious client:22
malicious client:33
malicious client:44
The benign clients: [52. 28. 94. 14.  0. 15. 63. 79. 41. 90.],
	 scores:[0.17 0.34 0.39 0.42 0.46 0.49 0.49 0.51 0.55 0.56]
The malicious clients: [35. 85. 39. 65. 22. 17. 11. 44. 48. 33.],
	 scores:[0.58 0.61 0.62 1.18 4.27 4.92 5.13 5.18 5.32 5.83]
Training average loss 0.681
Testing accuracy: 63.49%, loss: 1.015
Attack accuracy: 0.00%
Round  68:
selected clients:[11, 22, 33, 44, 5, 99, 8, 87, 34, 97, 60, 79, 38, 89, 6, 27, 9, 37, 12, 2]
malicious client:11
malicious client:22
malicious client:33
malicious client:44
The benign clients: [87. 89. 12.  5.  2. 79. 27. 38. 34.  6.],
	 scores:[0.12 0.22 0.24 0.26 0.3  0.33 0.35 0.36 0.4  0.45]
The malicious clients: [60.  9. 22. 33. 11. 97. 37.  8. 44. 99.],
	 scores:[ 0.52  0.52  0.73  0.8   1.19  1.3   3.56  4.09  6.93 15.35]
Training average loss 0.643
Testing accuracy: 61.77%, loss: 1.049
Attack accuracy: 0.00%
Round  69:
selected clients:[11, 22, 33, 44, 26, 71, 78, 95, 93, 74, 98, 20, 92, 31, 56, 53, 89, 29, 68, 38]
malicious client:11
malicious client:22
malicious client:33
malicious client:44
The benign clients: [20. 74. 68. 31. 93. 26. 78. 38. 98. 29.],
	 scores:[0.23 0.26 0.32 0.38 0.49 0.52 0.63 0.63 0.68 0.77]
The malicious clients: [95. 89. 44. 11. 71. 56. 92. 22. 33. 53.],
	 scores:[ 0.86  0.92  1.14  1.33  1.52  1.53  2.62  3.5   6.66 13.02]
Training average loss 0.644
Testing accuracy: 64.32%, loss: 1.001
Attack accuracy: 0.00%
Round  70:
selected clients:[11, 22, 33, 44, 29, 2, 87, 49, 88, 64, 68, 5, 81, 19, 57, 74, 15, 4, 50, 36]
malicious client:11
malicious client:22
malicious client:33
malicious client:44
The benign clients: [74. 15. 29. 64. 88.  2. 57.  5. 68. 50.],
	 scores:[0.18 0.31 0.36 0.39 0.41 0.48 0.51 0.55 0.58 0.58]
The malicious clients: [ 4. 87. 22. 44. 19. 33. 11. 49. 36. 81.],
	 scores:[0.65 0.65 1.58 1.7  2.25 2.99 4.78 5.18 5.67 8.2 ]
Training average loss 0.633
Testing accuracy: 65.19%, loss: 0.991
Attack accuracy: 100.00%
Round  71:
selected clients:[11, 22, 33, 44, 34, 24, 32, 13, 52, 82, 93, 18, 49, 96, 99, 20, 6, 86, 45, 94]
malicious client:11
malicious client:22
malicious client:33
malicious client:44
The benign clients: [ 6. 20. 93. 34. 94. 96. 82. 52. 33. 32.],
	 scores:[0.09 0.12 0.44 0.45 0.48 0.54 0.55 0.59 0.61 0.65]
The malicious clients: [86. 18. 13. 22. 45. 49. 24. 44. 11. 99.],
	 scores:[ 0.87  0.96  0.99  1.46  1.65  2.06  2.12  2.93  4.64 15.8 ]
Training average loss 0.661
Testing accuracy: 64.69%, loss: 1.002
Attack accuracy: 100.00%
Round  72:
selected clients:[11, 22, 33, 44, 59, 31, 61, 10, 77, 17, 90, 78, 95, 65, 13, 23, 94, 51, 53, 73]
malicious client:11
malicious client:22
malicious client:33
malicious client:44
The benign clients: [13. 23. 90. 65. 51. 95. 31. 78. 94. 77.],
	 scores:[0.29 0.34 0.41 0.41 0.41 0.41 0.49 0.54 0.62 0.65]
The malicious clients: [61. 44. 11. 59. 73. 17. 33. 22. 10. 53.],
	 scores:[ 0.77  0.85  1.2   1.39  1.44  3.25  3.33  4.53  4.97 11.68]
Training average loss 0.670
Testing accuracy: 65.62%, loss: 0.972
Attack accuracy: 0.00%
Round  73:
selected clients:[11, 22, 33, 44, 90, 89, 96, 91, 62, 20, 98, 48, 88, 17, 79, 76, 23, 9, 64, 12]
malicious client:11
malicious client:22
malicious client:33
malicious client:44
The benign clients: [64. 20. 89. 96. 12. 79. 88. 91.  9. 62.],
	 scores:[0.05 0.29 0.33 0.47 0.57 0.65 0.7  0.76 0.81 0.82]
The malicious clients: [90. 98. 23. 17. 48. 44. 11. 22. 33. 76.],
	 scores:[0.86 0.86 0.89 1.46 1.86 2.21 4.09 5.15 6.78 8.37]
Training average loss 0.620
Testing accuracy: 64.73%, loss: 1.001
Attack accuracy: 0.00%
Round  74:
selected clients:[11, 22, 33, 44, 4, 87, 3, 15, 76, 16, 5, 88, 51, 49, 23, 65, 99, 14, 60, 1]
malicious client:11
malicious client:22
malicious client:33
malicious client:44
The benign clients: [65. 16. 51. 88.  5.  1. 87. 15.  4. 60.],
	 scores:[0.09 0.15 0.31 0.33 0.35 0.35 0.36 0.36 0.37 0.55]
The malicious clients: [23. 33.  3. 11. 44. 14. 22. 49. 76. 99.],
	 scores:[ 0.61  0.78  1.    1.54  1.88  2.15  2.26  3.76  5.86 14.94]
Training average loss 0.635
Testing accuracy: 64.99%, loss: 0.988
Attack accuracy: 0.00%
Round  75:
selected clients:[11, 22, 33, 44, 20, 89, 3, 26, 41, 35, 34, 84, 40, 62, 80, 28, 68, 59, 56, 0]
malicious client:11
malicious client:22
malicious client:33
malicious client:44
The benign clients: [80. 20. 89. 35. 68. 41. 84. 62. 34. 11.],
	 scores:[0.07 0.24 0.48 0.53 0.73 0.73 0.85 0.98 1.12 1.28]
The malicious clients: [56. 22.  0. 28. 26.  3. 44. 59. 33. 40.],
	 scores:[ 1.33  1.35  1.63  1.64  1.77  2.34  2.61  2.96  3.61 11.76]
Training average loss 0.642
Testing accuracy: 64.30%, loss: 0.995
Attack accuracy: 100.00%
Round  76:
selected clients:[11, 22, 33, 44, 6, 5, 92, 55, 14, 62, 13, 2, 66, 74, 18, 45, 43, 15, 52, 10]
malicious client:11
malicious client:22
malicious client:33
malicious client:44
The benign clients: [45. 44. 13.  6. 52. 33. 18. 43. 15. 74.],
	 scores:[0.09 0.13 0.15 0.17 0.18 0.18 0.32 0.35 0.37 0.37]
The malicious clients: [ 2. 11. 66.  5. 62. 22. 14. 92. 55. 10.],
	 scores:[ 0.39  0.39  0.4   0.4   0.49  0.52  0.53  2.38 12.42 17.75]
Training average loss 0.658
Testing accuracy: 63.05%, loss: 1.014
Attack accuracy: 100.00%
Round  77:
selected clients:[11, 22, 33, 44, 59, 50, 71, 1, 84, 90, 86, 41, 64, 79, 65, 89, 45, 99, 80, 38]
malicious client:11
malicious client:22
malicious client:33
malicious client:44
The benign clients: [86. 38. 50. 11. 45. 80. 33. 64. 89. 41.],
	 scores:[0.13 0.23 0.28 0.33 0.34 0.4  0.43 0.48 0.5  0.63]
The malicious clients: [79. 90. 59. 22.  1. 71. 84. 65. 44. 99.],
	 scores:[ 0.67  0.72  0.97  1.25  1.3   1.92  2.32  3.67  6.54 14.89]
Training average loss 0.647
Testing accuracy: 64.15%, loss: 0.989
Attack accuracy: 100.00%
Round  78:
selected clients:[11, 22, 33, 44, 65, 29, 53, 38, 15, 96, 98, 67, 87, 32, 25, 56, 57, 64, 88, 37]
malicious client:11
malicious client:22
malicious client:33
malicious client:44
The benign clients: [64. 15. 53. 65. 88. 38. 56. 57. 87. 98.],
	 scores:[0.2  0.2  0.22 0.22 0.59 0.67 0.71 0.81 0.81 0.82]
The malicious clients: [32. 29. 44. 37. 96. 67. 25. 11. 33. 22.],
	 scores:[ 0.82  0.96  1.62  1.66  2.3   2.56  2.65  4.19  5.13 10.87]
Training average loss 0.590
Testing accuracy: 66.33%, loss: 0.957
Attack accuracy: 100.00%
Round  79:
selected clients:[11, 22, 33, 44, 79, 54, 72, 96, 60, 12, 37, 71, 8, 35, 76, 81, 13, 39, 2, 50]
malicious client:11
malicious client:22
malicious client:33
malicious client:44
The benign clients: [37. 96. 39.  2. 60. 71. 79. 13. 35. 12.],
	 scores:[0.14 0.23 0.4  0.57 0.58 0.6  0.6  0.62 0.69 0.71]
The malicious clients: [54. 72. 50. 22. 33. 44. 11.  8. 81. 76.],
	 scores:[0.72 0.87 0.89 1.65 2.84 2.9  3.19 3.29 6.92 9.6 ]
Training average loss 0.617
Testing accuracy: 65.79%, loss: 0.964
Attack accuracy: 0.00%
Round  80:
selected clients:[11, 22, 33, 44, 65, 61, 28, 88, 21, 77, 19, 48, 30, 64, 18, 25, 75, 34, 35, 40]
malicious client:11
malicious client:22
malicious client:33
malicious client:44
The benign clients: [30. 64. 65. 22. 28. 19. 34. 48. 88. 21.],
	 scores:[0.03 0.29 0.34 0.63 0.8  0.81 0.86 0.89 0.93 1.23]
The malicious clients: [33. 44. 35. 75. 18. 25. 11. 77. 61. 40.],
	 scores:[1.38 1.42 1.5  1.64 1.67 1.7  2.46 4.43 5.5  9.48]
Training average loss 0.566
Testing accuracy: 65.91%, loss: 0.963
Attack accuracy: 100.00%
Round  81:
selected clients:[11, 22, 33, 44, 96, 52, 27, 4, 79, 19, 77, 99, 65, 55, 78, 30, 42, 32, 5, 45]
malicious client:11
malicious client:22
malicious client:33
malicious client:44
The benign clients: [30. 45. 32. 78. 27. 11. 96. 19.  5. 33.],
	 scores:[0.06 0.11 0.27 0.42 0.43 0.43 0.44 0.44 0.45 0.46]
The malicious clients: [52. 65.  4. 79. 42. 44. 22. 77. 55. 99.],
	 scores:[ 0.46  0.47  0.53  0.54  0.61  0.64  0.67  2.36 12.5  15.71]
Training average loss 0.610
Testing accuracy: 66.73%, loss: 0.942
Attack accuracy: 100.00%
Round  82:
selected clients:[11, 22, 33, 44, 30, 92, 41, 75, 96, 49, 19, 55, 43, 45, 69, 54, 46, 53, 86, 16]
malicious client:11
malicious client:22
malicious client:33
malicious client:44
The benign clients: [55. 30. 49. 19. 45. 86. 43. 69. 54. 41.],
	 scores:[0.22 0.25 0.27 0.29 0.33 0.39 0.39 0.51 0.52 0.6 ]
The malicious clients: [75. 44. 46. 16. 96. 11. 22. 53. 33. 92.],
	 scores:[ 0.64  0.66  0.68  0.68  0.97  1.35  1.94  3.54 10.82 12.95]
Training average loss 0.613
Testing accuracy: 65.85%, loss: 0.956
Attack accuracy: 100.00%
Round  83:
selected clients:[11, 22, 33, 44, 76, 56, 92, 35, 69, 72, 68, 51, 10, 34, 60, 39, 4, 3, 48, 41]
malicious client:11
malicious client:22
malicious client:33
malicious client:44
The benign clients: [48. 72.  3. 35. 69.  4. 68. 41. 39. 51.],
	 scores:[0.12 0.14 0.16 0.19 0.23 0.29 0.33 0.44 0.55 0.66]
The malicious clients: [60. 56. 76. 11. 44. 34. 33. 22. 92. 10.],
	 scores:[ 0.72  0.76  0.79  1.24  1.3   1.41  3.02  3.74  3.9  18.  ]
Training average loss 0.605
Testing accuracy: 66.84%, loss: 0.947
Attack accuracy: 0.00%
Round  84:
selected clients:[11, 22, 33, 44, 62, 39, 2, 38, 86, 47, 30, 3, 13, 49, 9, 5, 41, 83, 51, 81]
malicious client:11
malicious client:22
malicious client:33
malicious client:44
The benign clients: [13. 39. 30.  5. 86. 47. 38. 62. 41. 51.],
	 scores:[0.04 0.22 0.27 0.35 0.37 0.48 0.7  0.71 0.78 0.93]
The malicious clients: [83. 11.  2. 33. 22.  9.  3. 44. 49. 81.],
	 scores:[1.04 1.18 1.41 1.92 2.39 2.51 2.56 5.1  6.58 8.49]
Training average loss 0.567
Testing accuracy: 67.39%, loss: 0.937
Attack accuracy: 100.00%
Round  85:
selected clients:[11, 22, 33, 44, 23, 69, 76, 67, 29, 12, 65, 74, 48, 38, 34, 37, 91, 90, 3, 46]
malicious client:11
malicious client:22
malicious client:33
malicious client:44
The benign clients: [23. 48. 46. 65. 90. 74. 69. 37. 91. 12.],
	 scores:[0.03 0.25 0.28 0.48 0.54 0.72 0.77 0.77 0.88 0.93]
The malicious clients: [34. 29. 38. 67.  3. 44. 33. 11. 22. 76.],
	 scores:[ 0.94  0.95  1.01  1.19  1.38  3.65  4.15  4.33  4.61 10.14]
Training average loss 0.574
Testing accuracy: 67.48%, loss: 0.925
Attack accuracy: 100.00%
Round  86:
selected clients:[11, 22, 33, 44, 40, 47, 26, 12, 32, 81, 82, 62, 57, 34, 46, 60, 88, 37, 52, 7]
malicious client:11
malicious client:22
malicious client:33
malicious client:44
The benign clients: [82. 47. 88. 32.  7. 34. 57. 11. 37. 46.],
	 scores:[0.02 0.28 0.52 0.54 0.62 0.62 0.63 0.64 0.66 0.69]
The malicious clients: [26. 52. 12. 60. 40. 22. 62. 44. 33. 81.],
	 scores:[0.7  0.79 0.99 0.99 1.77 2.11 3.98 5.44 7.29 8.72]
Training average loss 0.582
Testing accuracy: 67.24%, loss: 0.928
Attack accuracy: 100.00%
Round  87:
selected clients:[11, 22, 33, 44, 50, 31, 13, 57, 66, 81, 46, 65, 73, 79, 72, 26, 48, 42, 87, 19]
malicious client:11
malicious client:22
malicious client:33
malicious client:44
The benign clients: [79. 65. 57. 13. 87. 19. 72. 66. 46. 26.],
	 scores:[0.16 0.25 0.39 0.46 0.47 0.61 0.62 0.64 0.67 0.68]
The malicious clients: [31. 50. 48. 22. 11. 33. 44. 42. 81. 73.],
	 scores:[ 0.77  1.11  1.12  1.24  1.83  1.88  2.49  2.63  9.24 10.74]
Training average loss 0.593
Testing accuracy: 67.17%, loss: 0.936
Attack accuracy: 0.00%
Round  88:
selected clients:[11, 22, 33, 44, 42, 12, 1, 88, 4, 60, 49, 36, 41, 85, 20, 64, 6, 7, 63, 73]
malicious client:11
malicious client:22
malicious client:33
malicious client:44
The benign clients: [64.  6. 12. 85. 41.  1. 60.  7. 44.  4.],
	 scores:[0.09 0.24 0.4  0.4  0.58 0.63 0.68 0.72 0.73 0.74]
The malicious clients: [49. 42. 20. 33. 11. 63. 88. 22. 73. 36.],
	 scores:[1.01 1.28 1.43 1.74 3.   3.06 3.1  3.24 5.62 9.3 ]
Training average loss 0.594
Testing accuracy: 66.69%, loss: 0.944
Attack accuracy: 100.00%
Round  89:
selected clients:[11, 22, 33, 44, 72, 60, 40, 64, 74, 51, 5, 75, 18, 69, 71, 56, 7, 79, 46, 39]
malicious client:11
malicious client:22
malicious client:33
malicious client:44
The benign clients: [79. 39. 72. 71. 33. 18. 56. 46.  5. 74.],
	 scores:[0.01 0.1  0.2  0.24 0.34 0.46 0.57 0.59 0.66 0.68]
The malicious clients: [51. 60.  7. 69. 22. 64. 75. 11. 44. 40.],
	 scores:[ 0.71  0.89  1.01  1.02  1.42  2.69  3.92  4.63  7.73 10.13]
Training average loss 0.531
Testing accuracy: 67.27%, loss: 0.926
Attack accuracy: 100.00%
Round  90:
selected clients:[11, 22, 33, 44, 86, 8, 75, 66, 50, 62, 67, 76, 29, 93, 69, 36, 28, 57, 88, 7]
malicious client:11
malicious client:22
malicious client:33
malicious client:44
The benign clients: [93.  7. 86. 29. 57. 66. 28. 88. 50. 69.],
	 scores:[0.04 0.29 0.42 0.46 0.53 0.55 0.55 0.56 0.57 0.57]
The malicious clients: [75. 22. 11. 33. 62. 67.  8. 44. 76. 36.],
	 scores:[0.71 0.81 0.85 1.66 2.1  2.17 2.38 4.89 8.68 9.22]
Training average loss 0.593
Testing accuracy: 65.62%, loss: 0.967
Attack accuracy: 100.00%
Round  91:
selected clients:[11, 22, 33, 44, 75, 92, 52, 88, 65, 17, 2, 27, 50, 15, 53, 4, 8, 41, 66, 46]
malicious client:11
malicious client:22
malicious client:33
malicious client:44
The benign clients: [53. 27. 88. 66. 92.  2. 15. 75. 46.  4.],
	 scores:[0.24 0.28 0.32 0.7  0.73 0.85 0.94 1.01 1.06 1.06]
The malicious clients: [41. 50. 52.  8. 11. 17. 44. 22. 33. 65.],
	 scores:[1.12 1.28 1.59 1.79 2.58 2.79 3.06 3.27 4.92 8.42]
Training average loss 0.545
Testing accuracy: 65.58%, loss: 0.949
Attack accuracy: 0.00%
Round  92:
selected clients:[11, 22, 33, 44, 18, 69, 12, 63, 38, 17, 1, 53, 43, 25, 54, 40, 27, 83, 72, 13]
malicious client:11
malicious client:22
malicious client:33
malicious client:44
The benign clients: [72. 44. 17. 63. 25. 27. 54. 83. 18. 12.],
	 scores:[0.09 0.09 0.09 0.1  0.23 0.38 0.39 0.39 0.41 0.44]
The malicious clients: [ 1. 13. 22. 43. 38. 69. 33. 11. 40. 53.],
	 scores:[ 0.63  0.69  0.71  0.97  0.97  1.1   2.38  3.24  6.72 17.99]
Training average loss 0.564
Testing accuracy: 67.10%, loss: 0.934
Attack accuracy: 0.00%
Round  93:
selected clients:[11, 22, 33, 44, 39, 58, 55, 79, 42, 74, 60, 4, 31, 53, 26, 80, 81, 66, 99, 7]
malicious client:11
malicious client:22
malicious client:33
malicious client:44
The benign clients: [81. 22. 31. 11. 80. 74. 33.  4. 66. 39.],
	 scores:[0.04 0.08 0.16 0.19 0.19 0.19 0.31 0.32 0.37 0.43]
The malicious clients: [ 7. 60. 79. 26. 58. 42. 44. 55. 53. 99.],
	 scores:[ 0.49  0.53  0.53  0.53  0.53  0.55  1.88  5.63  9.24 15.82]
Training average loss 0.612
Testing accuracy: 67.00%, loss: 0.937
Attack accuracy: 100.00%
Round  94:
selected clients:[11, 22, 33, 44, 49, 52, 97, 2, 58, 69, 28, 53, 89, 36, 88, 84, 32, 27, 64, 40]
malicious client:11
malicious client:22
malicious client:33
malicious client:44
The benign clients: [27. 52. 64. 32. 44. 28.  2. 89. 88. 58.],
	 scores:[0.11 0.11 0.16 0.67 0.74 0.76 0.81 0.82 0.91 0.98]
The malicious clients: [53. 49. 97. 69. 22. 11. 84. 36. 33. 40.],
	 scores:[ 1.13  1.16  1.2   1.58  1.65  2.4   2.63  3.27  5.27 11.64]
Training average loss 0.559
Testing accuracy: 66.39%, loss: 0.938
Attack accuracy: 100.00%
Round  95:
selected clients:[11, 22, 33, 44, 47, 6, 76, 56, 31, 25, 73, 95, 32, 70, 94, 87, 81, 14, 1, 23]
malicious client:11
malicious client:22
malicious client:33
malicious client:44
The benign clients: [ 6. 23. 95. 32. 87. 94. 56.  1. 25. 70.],
	 scores:[0.06 0.22 0.31 0.44 0.51 0.51 0.53 0.54 0.55 0.56]
The malicious clients: [31. 14. 44. 73. 22. 47. 11. 33. 81. 76.],
	 scores:[0.75 0.94 1.26 1.3  1.59 2.09 2.12 5.98 8.08 9.65]
Training average loss 0.588
Testing accuracy: 67.81%, loss: 0.910
Attack accuracy: 100.00%
Round  96:
selected clients:[11, 22, 33, 44, 85, 94, 3, 49, 38, 2, 51, 16, 52, 4, 75, 50, 61, 73, 89, 77]
malicious client:11
malicious client:22
malicious client:33
malicious client:44
The benign clients: [73. 52. 85. 49.  4. 16. 75.  3. 89. 94.],
	 scores:[0.05 0.07 0.15 0.16 0.18 0.39 0.43 0.5  0.51 0.63]
The malicious clients: [ 2. 38. 50. 51. 44. 22. 77. 11. 33. 61.],
	 scores:[ 0.64  0.66  0.7   0.78  1.29  1.34  3.11  3.71  4.71 17.97]
Training average loss 0.588
Testing accuracy: 68.28%, loss: 0.900
Attack accuracy: 0.00%
Round  97:
selected clients:[11, 22, 33, 44, 42, 19, 72, 9, 57, 71, 70, 28, 80, 74, 68, 56, 16, 66, 67, 64]
malicious client:11
malicious client:22
malicious client:33
malicious client:44
The benign clients: [80. 68. 16. 72. 71. 66. 70. 74. 28. 56.],
	 scores:[0.14 0.23 0.31 0.33 0.67 0.72 0.76 0.79 0.89 0.89]
The malicious clients: [19.  9. 57. 64. 33. 22. 42. 11. 44. 67.],
	 scores:[0.89 0.95 0.96 1.17 1.61 2.24 3.33 5.65 6.07 9.42]
Training average loss 0.527
Testing accuracy: 67.06%, loss: 0.924
Attack accuracy: 0.00%
Round  98:
selected clients:[11, 22, 33, 44, 21, 72, 70, 27, 40, 81, 42, 76, 87, 9, 37, 13, 38, 79, 10, 77]
malicious client:11
malicious client:22
malicious client:33
malicious client:44
The benign clients: [72. 27. 70. 22. 42. 76.  9. 79. 77. 21.],
	 scores:[0.13 0.2  0.32 0.32 0.41 0.45 0.48 0.49 0.57 0.58]
The malicious clients: [13. 38. 44. 87. 37. 11. 33. 81. 40. 10.],
	 scores:[ 0.59  0.6   0.6   0.61  0.67  0.84  0.88  4.51  6.97 17.78]
Training average loss 0.595
Testing accuracy: 65.12%, loss: 0.961
Attack accuracy: 100.00%
Round  99:
selected clients:[11, 22, 33, 44, 19, 76, 1, 93, 16, 69, 12, 5, 10, 84, 39, 34, 78, 46, 26, 88]
malicious client:11
malicious client:22
malicious client:33
malicious client:44
The benign clients: [12. 93. 26. 46. 88. 39. 16. 78. 76. 19.],
	 scores:[0.05 0.12 0.16 0.3  0.31 0.41 0.44 0.48 0.56 0.58]
The malicious clients: [ 5.  1. 34. 69. 44. 84. 11. 22. 33. 10.],
	 scores:[ 0.58  0.61  0.67  0.88  0.92  2.05  2.88  3.92  4.07 18.  ]
Training average loss 0.572
Testing accuracy: 66.52%, loss: 0.938
Attack accuracy: 100.00%
