save time:02-25_12-21
Round   0:
selected clients:[82, 4, 50, 52, 79, 17, 68, 40, 38, 8]
The benign clients: [38.  8. 50. 40. 68.],
	 scores:[0.25 0.49 0.7  0.74 1.18]
The malicious clients: [82. 17. 52.  4. 79.],
	 scores:[1.18 1.54 2.02 3.87 6.05]
Training average loss 3.237
Testing accuracy: 10.00%, loss: 2.350
Attack accuracy: 0.00%
Round   1:
selected clients:[33, 11, 25, 56, 1, 7, 20, 91, 94, 85]
malicious client:33
malicious client:11
The benign clients: [ 1. 20. 85. 25. 91.],
	 scores:[0.3  0.61 0.62 0.65 0.8 ]
The malicious clients: [94. 33. 11. 56.  7.],
	 scores:[1.46 1.77 2.75 3.73 5.31]
Training average loss 1.852
Testing accuracy: 10.77%, loss: 2.432
Attack accuracy: 0.00%
Round   2:
selected clients:[33, 44, 99, 54, 62, 95, 80, 21, 60, 18]
malicious client:33
malicious client:44
The benign clients: [33. 44. 18. 95. 62.],
	 scores:[0.16 0.17 0.58 0.59 0.67]
The malicious clients: [60. 54. 80. 21. 99.],
	 scores:[0.68 0.73 0.76 5.67 7.96]
Training average loss 1.764
Testing accuracy: 14.44%, loss: 2.272
Attack accuracy: 84.38%
Round   3:
selected clients:[44, 11, 95, 77, 83, 1, 58, 81, 82, 35]
malicious client:44
malicious client:11
The benign clients: [ 1. 95. 83. 81. 58.],
	 scores:[0.31 0.54 0.8  0.89 1.09]
The malicious clients: [77. 82. 11. 44. 35.],
	 scores:[1.18 2.15 3.31 3.58 4.15]
Training average loss 1.644
Testing accuracy: 23.73%, loss: 2.269
Attack accuracy: 0.00%
Round   4:
selected clients:[22, 44, 54, 9, 79, 15, 63, 68, 41, 78]
malicious client:22
malicious client:44
The benign clients: [ 9. 63. 15. 79. 54.],
	 scores:[0.68 0.89 0.9  0.9  0.98]
The malicious clients: [78. 41. 68. 44. 22.],
	 scores:[1.12 2.34 2.66 3.49 4.04]
Training average loss 1.476
Testing accuracy: 23.96%, loss: 2.118
Attack accuracy: 0.00%
Round   5:
selected clients:[33, 22, 7, 68, 72, 70, 57, 58, 10, 95]
malicious client:33
malicious client:22
The benign clients: [10. 58. 57. 70.  7.],
	 scores:[0.36 0.54 0.55 0.58 0.7 ]
The malicious clients: [95. 68. 33. 22. 72.],
	 scores:[0.87 3.04 3.6  3.79 3.96]
Training average loss 1.497
Testing accuracy: 26.03%, loss: 2.145
Attack accuracy: 0.00%
Round   6:
selected clients:[44, 33, 90, 41, 76, 61, 37, 52, 86, 43]
malicious client:44
malicious client:33
The benign clients: [86. 43. 61. 37. 52.],
	 scores:[0.33 0.35 0.5  0.5  0.65]
The malicious clients: [90. 44. 33. 41. 76.],
	 scores:[0.88 2.48 2.95 3.28 6.08]
Training average loss 1.470
Testing accuracy: 23.53%, loss: 2.147
Attack accuracy: 0.78%
Round   7:
selected clients:[33, 22, 80, 64, 67, 17, 69, 14, 54, 86]
malicious client:33
malicious client:22
The benign clients: [86. 67. 54. 14. 17.],
	 scores:[0.3  0.31 0.35 0.35 0.36]
The malicious clients: [64. 33. 22. 80. 69.],
	 scores:[0.41 0.7  3.02 4.94 7.26]
Training average loss 1.506
Testing accuracy: 31.16%, loss: 1.830
Attack accuracy: 14.69%
Round   8:
selected clients:[11, 44, 14, 40, 39, 98, 25, 62, 43, 10]
malicious client:11
malicious client:44
The benign clients: [39. 25. 98. 62. 40.],
	 scores:[0.1  0.29 0.58 0.64 0.77]
The malicious clients: [14. 10. 11. 44. 43.],
	 scores:[0.92 1.22 2.   5.23 6.24]
Training average loss 1.385
