save time:02-24_11-04
Round   0:
selected clients:[12, 35, 45, 92, 84, 61, 52, 14, 32, 81]
The benign clients: [61, 84, 45, 52, 35, 12],
	 scores:[0.79, 0.16, 0.08, 0.16, 0.2, 0.9]
The malicious clients: [32, 92, 81, 14],
	 scores:[1.12, 1.17, 5.38, 8.04]
Training average loss 1.677
Testing accuracy: 17.34%, loss: 2.214
Attack accuracy: 0.00%
Round   1:
selected clients:[72, 86, 52, 24, 59, 41, 71, 80, 69, 91]
The benign clients: [86, 59, 80, 91, 52, 24],
	 scores:[0.57, 0.51, 0.58, 0.62, 0.94, 0.66]
The malicious clients: [71, 41, 69, 72],
	 scores:[2.84, 3.16, 4.27, 3.85]
Training average loss 1.467
Testing accuracy: 26.40%, loss: 2.026
Attack accuracy: 0.00%
Round   2:
selected clients:[30, 5, 61, 45, 31, 16, 12, 6, 66, 68]
The benign clients: [12, 31, 61, 6, 68, 30],
	 scores:[0.61, 0.67, 0.28, 0.86, 0.86, 0.87]
The malicious clients: [66, 5, 16, 45],
	 scores:[1.26, 3.11, 3.76, 5.73]
Training average loss 1.432
Testing accuracy: 35.01%, loss: 1.785
Attack accuracy: 0.00%
Round   3:
selected clients:[5, 21, 30, 73, 41, 32, 44, 52, 51, 22]
The benign clients: [44, 52, 30, 22, 21, 32],
	 scores:[1.03, 0.92, 0.65, 1.47, 0.16, 1.03]
The malicious clients: [73, 51, 41, 5],
	 scores:[2.31, 2.31, 4.05, 4.06]
Training average loss 1.271
Testing accuracy: 41.29%, loss: 1.669
Attack accuracy: 0.00%
Round   4:
selected clients:[16, 81, 66, 98, 14, 26, 57, 58, 94, 68]
The benign clients: [57, 68, 94, 98, 58, 26],
	 scores:[0.21, 0.63, 0.26, 0.19, 0.21, 0.19]
The malicious clients: [16, 81, 66, 14],
	 scores:[1.13, 2.1, 5.05, 8.04]
Training average loss 1.300
Testing accuracy: 38.45%, loss: 1.671
Attack accuracy: 0.00%
Round   5:
selected clients:[47, 15, 94, 2, 20, 45, 52, 75, 61, 69]
The benign clients: [52, 47, 94, 2, 61, 75],
	 scores:[1.66, 1.0, 0.93, 0.61, 0.14, 0.01]
The malicious clients: [69, 45, 15, 20],
	 scores:[1.87, 2.76, 1.93, 7.09]
Training average loss 1.204
Testing accuracy: 39.63%, loss: 1.620
Attack accuracy: 0.00%
Round   6:
selected clients:[21, 49, 55, 5, 97, 7, 34, 50, 3, 40]
The benign clients: [49, 3, 34, 7, 5, 50],
	 scores:[0.72, 0.08, 0.77, 0.82, 0.91, 0.98]
The malicious clients: [97, 55, 21, 40],
	 scores:[1.19, 2.83, 4.73, 4.96]
Training average loss 1.218
Testing accuracy: 42.90%, loss: 1.569
Attack accuracy: 0.00%
Round   7:
selected clients:[35, 82, 19, 62, 24, 42, 44, 25, 77, 91]
The benign clients: [42, 91, 25, 62, 82, 24],
	 scores:[0.35, 0.24, 0.63, 0.43, 0.32, 0.64]
The malicious clients: [35, 44, 77, 19],
	 scores:[1.92, 2.11, 4.3, 7.05]
Training average loss 1.043
Testing accuracy: 42.49%, loss: 1.550
Attack accuracy: 0.00%
Round   8:
selected clients:[24, 31, 8, 15, 2, 51, 43, 59, 56, 34]
The benign clients: [43, 2, 8, 15, 31, 59],
	 scores:[0.79, 0.32, 0.2, 0.28, 0.33, 0.75]
The malicious clients: [24, 51, 56, 34],
	 scores:[0.86, 6.53, 4.5, 3.44]
Training average loss 1.063
Testing accuracy: 44.93%, loss: 1.509
Attack accuracy: 0.00%
Round   9:
selected clients:[8, 80, 63, 25, 75, 56, 4, 29, 94, 78]
The benign clients: [94, 29, 25, 63, 80, 56],
	 scores:[0.36, 1.12, 1.15, 1.15, 1.19, 1.46]
The malicious clients: [78, 4, 75, 8],
	 scores:[1.6, 2.49, 2.59, 4.88]
Training average loss 0.994
Testing accuracy: 46.34%, loss: 1.453
Attack accuracy: 0.00%
Round  10:
selected clients:[67, 99, 21, 3, 85, 56, 95, 48, 91, 89]
The benign clients: [95, 85, 21, 91, 48, 56],
	 scores:[0.29, 0.32, 0.41, 0.14, 0.19, 0.29]
The malicious clients: [89, 99, 3, 67],
	 scores:[0.68, 6.93, 8.05, 0.71]
Training average loss 1.119
Testing accuracy: 47.93%, loss: 1.425
Attack accuracy: 0.00%
Round  11:
selected clients:[3, 66, 73, 63, 76, 13, 28, 71, 25, 4]
The benign clients: [13, 76, 73, 25, 28, 4],
	 scores:[0.16, 0.57, 0.13, 0.37, 0.75, 0.78]
The malicious clients: [66, 71, 63, 3],
	 scores:[1.4, 1.88, 3.88, 8.09]
Training average loss 1.032
Testing accuracy: 43.18%, loss: 1.530
Attack accuracy: 0.00%
Round  12:
selected clients:[46, 51, 52, 56, 10, 94, 58, 47, 66, 5]
The benign clients: [94, 46, 10, 56, 52, 47],
	 scores:[0.2, 0.18, 0.21, 0.44, 0.58, 0.96]
The malicious clients: [51, 66, 58, 5],
	 scores:[1.74, 1.96, 3.87, 7.85]
Training average loss 0.990
Testing accuracy: 51.59%, loss: 1.354
Attack accuracy: 0.00%
Round  13:
selected clients:[24, 69, 83, 61, 93, 6, 85, 20, 30, 37]
The benign clients: [85, 24, 83, 61, 30, 37],
	 scores:[0.21, 0.56, 0.69, 0.07, 0.69, 1.18]
The malicious clients: [69, 6, 93, 20],
	 scores:[1.97, 2.65, 3.51, 6.47]
Training average loss 1.020
Testing accuracy: 47.07%, loss: 1.415
Attack accuracy: 0.00%
Round  14:
selected clients:[1, 90, 23, 46, 83, 2, 48, 69, 22, 39]
malicious client:1
local model attack accuracy:60.00%, loss:0.8151
The benign clients: [90, 39, 48, 83, 2, 23],
	 scores:[0.15, 0.29, 0.24, 0.36, 0.59, 0.67]
The malicious clients: [69, 46, 22, 1],
	 scores:[1.41, 2.18, 4.0, 8.1]
Training average loss 0.914
Testing accuracy: 45.82%, loss: 1.501
Attack accuracy: 0.00%
Round  15:
selected clients:[13, 7, 25, 66, 42, 24, 65, 92, 68, 55]
