save time:02-25_12-06
Round   0:
selected clients:[49, 81, 79, 30, 62, 64, 19, 66, 28, 21]
The benign clients: [28. 21. 30. 64. 79.],
	 scores:[0.13 0.16 0.2  0.3  0.86]
The malicious clients: [66. 81. 19. 49. 62.],
	 scores:[1.04 1.17 2.32 4.04 7.78]
Training average loss 3.397
Testing accuracy: 10.00%, loss: 2.325
Attack accuracy: 0.00%
Round   1:
selected clients:[22, 44, 15, 55, 34, 57, 73, 68, 1, 85]
malicious client:22
malicious client:44
The benign clients: [34. 85. 55. 15. 57.],
	 scores:[0.41 0.5  0.6  0.72 0.74]
The malicious clients: [ 1. 44. 22. 73. 68.],
	 scores:[0.76 0.82 2.6  3.06 7.79]
Training average loss 1.922
Testing accuracy: 10.00%, loss: 2.502
Attack accuracy: 100.00%
Round   2:
selected clients:[11, 33, 57, 66, 42, 67, 58, 69, 12, 8]
malicious client:11
malicious client:33
The benign clients: [58. 42. 67. 12. 69.],
	 scores:[0.28 0.32 0.36 0.36 0.55]
The malicious clients: [57.  8. 11. 33. 66.],
	 scores:[1.89 2.45 2.84 4.28 4.67]
Training average loss 1.600
Testing accuracy: 11.20%, loss: 2.404
Attack accuracy: 100.00%
Round   3:
selected clients:[44, 22, 48, 92, 54, 35, 96, 76, 46, 71]
malicious client:44
malicious client:22
The benign clients: [48. 92. 76. 54. 71.],
	 scores:[0.26 0.5  0.52 0.57 0.57]
The malicious clients: [46. 96. 35. 22. 44.],
	 scores:[0.58 0.68 4.34 4.94 5.04]
Training average loss 1.535
Testing accuracy: 23.34%, loss: 2.156
Attack accuracy: 0.00%
Round   4:
selected clients:[22, 44, 45, 8, 42, 47, 82, 48, 72, 50]
malicious client:22
malicious client:44
The benign clients: [45. 72.  8. 50. 47.],
	 scores:[0.13 0.46 0.53 0.6  0.66]
The malicious clients: [42. 82. 44. 22. 48.],
	 scores:[0.72 0.85 2.71 4.12 7.2 ]
Training average loss 1.356
Testing accuracy: 15.50%, loss: 2.277
Attack accuracy: 0.00%
Round   5:
selected clients:[22, 33, 66, 94, 6, 97, 65, 79, 92, 77]
malicious client:22
malicious client:33
The benign clients: [65.  6. 66. 77. 94.],
	 scores:[0.19 0.25 0.26 0.34 0.46]
The malicious clients: [79. 92. 22. 33. 97.],
	 scores:[0.52 0.87 3.21 3.8  8.1 ]
Training average loss 1.540
Testing accuracy: 26.01%, loss: 1.932
Attack accuracy: 0.00%
Round   6:
selected clients:[44, 22, 12, 15, 59, 7, 24, 65, 17, 87]
malicious client:44
malicious client:22
The benign clients: [87. 24. 59.  7. 65.],
	 scores:[0.56 0.61 0.63 0.82 1.81]
The malicious clients: [15. 44. 22. 17. 12.],
	 scores:[1.81 2.   3.18 3.27 3.3 ]
Training average loss 1.431
Testing accuracy: 27.63%, loss: 1.981
Attack accuracy: 0.00%
Round   7:
selected clients:[22, 11, 14, 32, 18, 69, 43, 59, 65, 35]
malicious client:22
malicious client:11
The benign clients: [69. 65. 43. 14. 59.],
	 scores:[0.37 0.38 0.43 0.43 0.47]
The malicious clients: [22. 11. 18. 32. 35.],
	 scores:[0.78 1.94 2.19 4.31 6.69]
Training average loss 1.297
Testing accuracy: 24.57%, loss: 1.980
Attack accuracy: 0.00%
Round   8:
selected clients:[22, 11, 72, 32, 17, 70, 61, 8, 24, 30]
malicious client:22
malicious client:11
The benign clients: [70. 24.  8. 72. 30.],
	 scores:[0.51 0.54 0.76 0.84 1.03]
The malicious clients: [61. 22. 11. 17. 32.],
	 scores:[1.21 2.28 2.61 3.69 4.52]
Training average loss 1.380
Testing accuracy: 26.67%, loss: 1.857
Attack accuracy: 0.00%
Round   9:
selected clients:[22, 11, 49, 75, 95, 35, 28, 4, 68, 43]
malicious client:22
malicious client:11
The benign clients: [ 4. 28. 95. 49. 43.],
	 scores:[0.52 0.68 0.68 0.79 1.09]
The malicious clients: [35. 68. 11. 22. 75.],
	 scores:[2.33 2.63 2.68 3.16 3.45]
Training average loss 1.231
Testing accuracy: 25.18%, loss: 1.924
Attack accuracy: 100.00%
Round  10:
selected clients:[22, 44, 82, 90, 96, 95, 65, 32, 8, 42]
malicious client:22
malicious client:44
The benign clients: [32. 82. 96. 95. 90.],
	 scores:[0.07 0.16 0.26 0.29 0.32]
The malicious clients: [65.  8. 42. 22. 44.],
	 scores:[0.32 0.33 0.33 7.84 8.09]
Training average loss 1.126
Testing accuracy: 33.21%, loss: 1.769
Attack accuracy: 100.00%
Round  11:
selected clients:[11, 44, 81, 5, 52, 73, 45, 78, 93, 50]
malicious client:11
malicious client:44
The benign clients: [52. 93. 78.  5. 81.],
	 scores:[0.24 0.61 0.61 0.68 0.75]
The malicious clients: [45. 11. 44. 50. 73.],
	 scores:[0.82 1.16 3.91 4.25 4.96]
Training average loss 1.244
Testing accuracy: 35.96%, loss: 1.706
Attack accuracy: 0.00%
Round  12:
selected clients:[22, 33, 42, 81, 0, 27, 21, 74, 88, 45]
malicious client:22
malicious client:33
The benign clients: [27. 42.  0. 88. 45.],
	 scores:[0.38 0.42 0.46 0.46 0.47]
The malicious clients: [74. 81. 22. 33. 21.],
	 scores:[0.56 2.6  3.02 3.89 5.74]
Training average loss 1.210
Testing accuracy: 41.14%, loss: 1.573
Attack accuracy: 0.00%
Round  13:
selected clients:[33, 22, 5, 4, 35, 82, 56, 16, 47, 76]
malicious client:33
malicious client:22
The benign clients: [16. 56.  4. 76.  5.],
	 scores:[0.5  0.51 0.51 0.69 1.45]
The malicious clients: [35. 82. 22. 33. 47.],
	 scores:[2.08 2.45 2.61 2.84 4.37]
Training average loss 1.167
Testing accuracy: 35.93%, loss: 1.654
Attack accuracy: 0.00%
Round  14:
selected clients:[11, 22, 24, 75, 37, 36, 61, 65, 88, 40]
malicious client:11
malicious client:22
The benign clients: [61. 88. 40. 37. 24.],
	 scores:[0.32 0.46 0.49 0.5  0.77]
The malicious clients: [36. 22. 65. 11. 75.],
	 scores:[0.79 2.73 3.11 3.49 5.34]
Training average loss 1.148
Testing accuracy: 36.90%, loss: 1.652
Attack accuracy: 0.00%
Round  15:
selected clients:[33, 44, 49, 12, 85, 9, 80, 35, 10, 94]
malicious client:33
malicious client:44
The benign clients: [80. 12.  9. 49. 94.],
	 scores:[0.21 0.29 0.36 0.37 0.38]
The malicious clients: [85. 10. 33. 44. 35.],
	 scores:[0.4  1.16 2.59 4.93 7.31]
Training average loss 1.154
Testing accuracy: 35.78%, loss: 1.660
Attack accuracy: 100.00%
Round  16:
selected clients:[11, 33, 64, 21, 85, 62, 59, 69, 50, 14]
malicious client:11
malicious client:33
The benign clients: [85. 21. 14. 62. 69.],
	 scores:[0.3  0.37 0.4  0.45 0.45]
The malicious clients: [59. 64. 50. 11. 33.],
	 scores:[0.51 0.68 3.42 4.55 6.87]
Training average loss 1.146
Testing accuracy: 37.60%, loss: 1.643
Attack accuracy: 0.00%
Round  17:
selected clients:[22, 44, 74, 36, 92, 67, 54, 3, 17, 13]
malicious client:22
malicious client:44
The benign clients: [74. 13.  3. 92. 54.],
	 scores:[0.46 0.47 0.55 0.7  1.11]
The malicious clients: [67. 36. 17. 44. 22.],
	 scores:[1.56 1.77 2.28 4.1  4.99]
Training average loss 1.101
Testing accuracy: 42.86%, loss: 1.595
Attack accuracy: 0.00%
Round  18:
selected clients:[44, 11, 50, 97, 0, 91, 63, 95, 55, 54]
malicious client:44
malicious client:11
The benign clients: [44. 55.  0. 54. 95.],
	 scores:[0.09 0.22 0.23 0.33 0.37]
The malicious clients: [91. 11. 63. 50. 97.],
	 scores:[0.49 1.51 3.03 4.07 7.65]
Training average loss 1.107
Testing accuracy: 42.48%, loss: 1.596
Attack accuracy: 100.00%
Round  19:
selected clients:[33, 44, 36, 71, 20, 61, 14, 32, 82, 10]
malicious client:33
malicious client:44
The benign clients: [61. 36. 82. 14. 71.],
	 scores:[0.37 0.4  0.44 0.44 0.45]
The malicious clients: [32. 20. 44. 33. 10.],
	 scores:[0.49 0.64 1.12 6.   7.65]
Training average loss 1.021
Testing accuracy: 41.91%, loss: 1.644
Attack accuracy: 0.00%
Round  20:
selected clients:[33, 44, 48, 98, 70, 16, 45, 3, 67, 88]
malicious client:33
malicious client:44
The benign clients: [67.  3. 16. 45. 70.],
	 scores:[0.3  0.35 0.44 0.44 0.6 ]
The malicious clients: [88. 98. 48. 44. 33.],
	 scores:[1.23 1.72 2.08 4.87 5.96]
Training average loss 1.036
Testing accuracy: 42.61%, loss: 1.556
Attack accuracy: 0.00%
Round  21:
selected clients:[22, 11, 65, 64, 58, 32, 9, 94, 71, 73]
malicious client:22
malicious client:11
The benign clients: [58. 71. 64. 32. 94.],
	 scores:[0.34 0.46 0.47 0.7  0.96]
The malicious clients: [65. 22. 11.  9. 73.],
	 scores:[1.51 1.53 1.85 2.68 7.51]
Training average loss 1.040
Testing accuracy: 44.49%, loss: 1.506
Attack accuracy: 0.00%
Round  22:
selected clients:[22, 44, 24, 99, 87, 62, 68, 94, 36, 50]
malicious client:22
malicious client:44
The benign clients: [36. 94. 24. 62. 87.],
	 scores:[0.42 0.48 0.51 0.58 0.58]
The malicious clients: [68. 44. 50. 22. 99.],
	 scores:[0.6  1.8  2.31 4.72 5.99]
Training average loss 1.087
Testing accuracy: 41.55%, loss: 1.544
Attack accuracy: 0.00%
Round  23:
selected clients:[11, 22, 99, 38, 75, 40, 28, 16, 80, 50]
malicious client:11
malicious client:22
The benign clients: [38. 80. 16. 28. 40.],
	 scores:[0.32 0.86 0.9  0.9  0.9 ]
The malicious clients: [11. 99. 22. 50. 75.],
	 scores:[2.14 2.58 2.76 3.23 3.4 ]
Training average loss 0.956
Testing accuracy: 40.39%, loss: 1.561
Attack accuracy: 0.00%
Round  24:
selected clients:[44, 22, 57, 88, 39, 92, 51, 34, 26, 79]
malicious client:44
malicious client:22
The benign clients: [79. 92. 88. 57. 26.],
	 scores:[0.36 0.4  0.42 0.5  0.5 ]
The malicious clients: [51. 39. 34. 22. 44.],
	 scores:[1.37 1.37 2.7  5.03 5.34]
Training average loss 0.992
Testing accuracy: 47.77%, loss: 1.479
Attack accuracy: 0.00%
Round  25:
selected clients:[11, 33, 39, 42, 93, 45, 35, 12, 17, 48]
malicious client:11
malicious client:33
The benign clients: [42. 45. 93. 12. 48.],
	 scores:[0.64 0.67 0.68 0.71 0.71]
The malicious clients: [39. 17. 11. 33. 35.],
	 scores:[1.05 1.32 2.47 2.75 7.  ]
Training average loss 0.959
Testing accuracy: 48.02%, loss: 1.427
Attack accuracy: 100.00%
Round  26:
selected clients:[44, 33, 16, 72, 0, 17, 94, 58, 21, 99]
malicious client:44
malicious client:33
The benign clients: [72. 94. 58. 16.  0.],
	 scores:[0.26 0.51 0.64 0.73 0.76]
The malicious clients: [21. 44. 33. 17. 99.],
	 scores:[0.78 2.18 3.21 3.83 5.1 ]
Training average loss 0.992
Testing accuracy: 42.25%, loss: 1.587
Attack accuracy: 100.00%
Round  27:
selected clients:[22, 44, 65, 94, 8, 1, 51, 76, 54, 75]
malicious client:22
malicious client:44
The benign clients: [ 8. 76.  1. 65. 51.],
	 scores:[0.54 0.64 0.66 0.7  0.71]
The malicious clients: [54. 44. 94. 22. 75.],
	 scores:[0.76 2.12 2.2  4.14 5.53]
Training average loss 0.912
Testing accuracy: 47.03%, loss: 1.448
Attack accuracy: 0.00%
Round  28:
selected clients:[44, 11, 93, 65, 43, 70, 63, 24, 28, 76]
malicious client:44
malicious client:11
The benign clients: [63. 70. 65. 93. 28.],
	 scores:[0.05 0.17 0.23 0.26 0.28]
The malicious clients: [43. 76. 24. 44. 11.],
	 scores:[0.29 0.4  0.52 7.82 7.99]
Training average loss 0.871
Testing accuracy: 50.72%, loss: 1.359
Attack accuracy: 0.00%
Round  29:
selected clients:[44, 33, 16, 1, 43, 69, 48, 58, 19, 91]
malicious client:44
malicious client:33
The benign clients: [69. 58. 91. 16. 19.],
	 scores:[0.29 0.3  0.32 0.39 0.89]
The malicious clients: [43.  1. 44. 48. 33.],
	 scores:[1.53 1.56 2.53 3.78 6.41]
Training average loss 0.792
Testing accuracy: 48.03%, loss: 1.395
Attack accuracy: 100.00%
Round  30:
selected clients:[22, 11, 78, 30, 37, 65, 34, 31, 40, 81]
malicious client:22
malicious client:11
The benign clients: [31. 40. 30. 65. 34.],
	 scores:[0.1  0.25 0.31 0.32 0.33]
The malicious clients: [78. 81. 37. 11. 22.],
	 scores:[0.4  1.14 2.12 6.15 6.87]
Training average loss 0.862
Testing accuracy: 52.07%, loss: 1.306
Attack accuracy: 100.00%
Round  31:
selected clients:[11, 44, 28, 88, 50, 78, 4, 53, 72, 10]
malicious client:11
malicious client:44
The benign clients: [78.  4. 88. 72. 53.],
	 scores:[0.52 0.52 0.59 1.   1.01]
The malicious clients: [10. 28. 50. 44. 11.],
	 scores:[1.45 1.51 2.72 4.01 4.66]
Training average loss 0.809
Testing accuracy: 49.59%, loss: 1.363
Attack accuracy: 0.00%
Round  32:
selected clients:[22, 33, 39, 54, 85, 23, 34, 3, 82, 98]
malicious client:22
malicious client:33
