save time:02-24_14-01
Round   0:
selected clients:[23, 25, 52, 28, 61, 38, 93, 15, 2, 27, 3, 39, 72, 12, 24, 82, 77, 83, 46, 43]
The benign clients: [12, 3, 46, 28, 2, 15, 39, 25, 23, 77],
	 scores:[0.11, 0.15, 0.23, 0.25, 0.14, 0.27, 0.29, 0.3, 0.3, 0.31]
The malicious clients: [38, 27, 72, 93, 24, 82, 61, 83, 52, 43],
	 scores:[0.34, 0.39, 0.64, 1.85, 0.42, 0.49, 15.23, 14.81, 1.01, 0.47]
Training average loss 1.660
Testing accuracy: 17.53%, loss: 2.205
Attack accuracy: 0.00%
Round   1:
selected clients:[11, 22, 33, 44, 43, 32, 37, 88, 87, 96, 75, 80, 79, 1, 5, 51, 16, 52, 60, 12]
malicious client:11
malicious client:22
malicious client:33
malicious client:44
The benign clients: [1, 80, 60, 44, 52, 12, 37, 16, 75, 32],
	 scores:[0.45, 0.07, 0.47, 0.34, 0.38, 0.13, 0.45, 0.44, 0.52, 0.71]
The malicious clients: [79, 96, 22, 87, 5, 51, 88, 43, 33, 11],
	 scores:[0.91, 1.35, 2.42, 1.75, 3.24, 2.98, 1.57, 2.67, 9.61, 7.54]
Training average loss 1.529
Testing accuracy: 26.52%, loss: 1.999
Attack accuracy: 0.00%
Round   2:
selected clients:[11, 22, 33, 44, 32, 45, 65, 50, 14, 56, 73, 51, 9, 59, 60, 62, 58, 13, 69, 31]
malicious client:11
malicious client:22
malicious client:33
malicious client:44
The benign clients: [73, 56, 69, 62, 32, 45, 65, 50, 60, 59],
	 scores:[0.1, 0.64, 0.54, 0.39, 0.43, 0.63, 0.64, 0.59, 0.53, 0.33]
The malicious clients: [31, 51, 9, 22, 14, 44, 58, 13, 33, 11],
	 scores:[0.71, 6.17, 3.95, 2.86, 0.72, 0.91, 0.99, 4.7, 4.17, 8.0]
Training average loss 1.356
Testing accuracy: 34.71%, loss: 1.815
Attack accuracy: 100.00%
Round   3:
selected clients:[11, 22, 33, 44, 74, 20, 29, 32, 46, 81, 68, 83, 2, 0, 52, 19, 59, 6, 10, 97]
malicious client:11
malicious client:22
malicious client:33
malicious client:44
The benign clients: [29, 32, 68, 44, 97, 59, 6, 20, 46, 52],
	 scores:[0.09, 0.0, 0.35, 0.35, 0.15, 0.41, 0.67, 0.42, 0.69, 0.64]
The malicious clients: [19, 74, 2, 0, 22, 10, 81, 83, 33, 11],
	 scores:[0.69, 0.72, 0.72, 0.72, 2.06, 2.05, 2.16, 14.57, 6.2, 4.34]
Training average loss 1.279
Testing accuracy: 39.30%, loss: 1.696
Attack accuracy: 100.00%
Round   4:
selected clients:[11, 22, 33, 44, 46, 80, 13, 56, 98, 1, 92, 23, 15, 81, 97, 54, 6, 9, 68, 4]
malicious client:11
malicious client:22
malicious client:33
malicious client:44
The benign clients: [1, 80, 15, 97, 23, 6, 56, 54, 98, 46],
	 scores:[0.38, 0.0, 0.05, 0.18, 0.48, 0.82, 0.65, 0.65, 0.72, 0.82]
The malicious clients: [92, 4, 22, 81, 13, 44, 33, 9, 68, 11],
	 scores:[0.85, 0.92, 3.06, 2.05, 5.22, 1.19, 4.45, 6.99, 1.29, 7.24]
Training average loss 1.255
Testing accuracy: 37.03%, loss: 1.703
Attack accuracy: 100.00%
Round   5:
selected clients:[11, 22, 33, 44, 97, 59, 63, 72, 8, 7, 74, 4, 21, 87, 69, 48, 73, 1, 71, 35]
malicious client:11
malicious client:22
malicious client:33
malicious client:44
The benign clients: [59, 74, 1, 21, 72, 71, 97, 73, 7, 87],
	 scores:[0.34, 0.44, 0.49, 0.49, 0.46, 0.49, 0.51, 0.52, 0.53, 0.6]
The malicious clients: [69, 35, 4, 22, 8, 48, 63, 44, 33, 11],
	 scores:[1.0, 1.05, 1.18, 3.27, 7.68, 1.82, 4.4, 1.93, 2.57, 8.25]
Training average loss 1.209
Testing accuracy: 35.84%, loss: 1.694
Attack accuracy: 0.00%
Round   6:
selected clients:[11, 22, 33, 44, 25, 45, 1, 68, 9, 63, 18, 85, 46, 94, 16, 49, 88, 95, 52, 97]
malicious client:11
malicious client:22
malicious client:33
malicious client:44
The benign clients: [18, 63, 52, 95, 49, 46, 1, 85, 97, 25],
	 scores:[0.41, 0.63, 0.13, 0.47, 0.44, 0.69, 0.37, 0.69, 0.72, 0.73]
The malicious clients: [16, 45, 44, 68, 9, 88, 33, 94, 22, 11],
	 scores:[0.73, 0.97, 1.95, 2.76, 2.98, 1.88, 3.93, 4.44, 4.68, 8.43]
Training average loss 1.223
Testing accuracy: 44.73%, loss: 1.562
Attack accuracy: 100.00%
Round   7:
selected clients:[11, 22, 33, 44, 31, 56, 20, 4, 98, 36, 46, 26, 88, 32, 77, 92, 81, 41, 14, 55]
malicious client:11
malicious client:22
malicious client:33
malicious client:44
The benign clients: [92, 77, 46, 32, 31, 56, 20, 4, 44, 14],
	 scores:[0.16, 0.4, 0.68, 0.55, 0.93, 0.47, 0.67, 0.62, 0.99, 0.72]
The malicious clients: [41, 26, 55, 98, 33, 36, 81, 88, 22, 11],
	 scores:[1.1, 1.18, 1.2, 1.29, 1.41, 1.9, 7.81, 2.19, 5.33, 8.4]
Training average loss 1.115
Testing accuracy: 46.32%, loss: 1.516
Attack accuracy: 100.00%
Round   8:
selected clients:[11, 22, 33, 44, 77, 61, 47, 7, 84, 67, 86, 2, 85, 40, 66, 94, 24, 41, 15, 55]
malicious client:11
malicious client:22
malicious client:33
malicious client:44
The benign clients: [86, 55, 15, 24, 66, 40, 47, 7, 67, 2],
	 scores:[0.33, 0.45, 0.16, 0.37, 0.55, 0.48, 0.5, 0.62, 0.68, 0.7]
The malicious clients: [44, 77, 85, 41, 94, 22, 84, 61, 33, 11],
	 scores:[0.88, 1.22, 0.94, 1.07, 1.36, 2.11, 8.35, 3.33, 11.61, 2.3]
Training average loss 1.175
Testing accuracy: 48.82%, loss: 1.445
Attack accuracy: 0.00%
Round   9:
selected clients:[11, 22, 33, 44, 5, 14, 64, 21, 78, 86, 72, 66, 23, 12, 74, 69, 7, 50, 94, 93]
malicious client:11
malicious client:22
malicious client:33
malicious client:44
The benign clients: [14, 7, 12, 66, 78, 21, 86, 69, 72, 5],
	 scores:[0.27, 0.43, 0.3, 0.45, 0.37, 0.49, 0.53, 0.52, 0.56, 0.56]
The malicious clients: [74, 23, 22, 33, 44, 50, 93, 64, 94, 11],
	 scores:[0.6, 0.6, 1.61, 1.66, 2.24, 2.25, 2.91, 11.59, 6.71, 3.33]
Training average loss 1.050
Testing accuracy: 48.88%, loss: 1.434
Attack accuracy: 0.00%
Round  10:
selected clients:[11, 22, 33, 44, 43, 9, 46, 8, 93, 90, 81, 76, 37, 19, 71, 41, 20, 70, 62, 69]
malicious client:11
malicious client:22
malicious client:33
malicious client:44
The benign clients: [43, 90, 70, 71, 69, 37, 46, 19, 20, 41],
	 scores:[0.24, 0.52, 0.13, 0.13, 0.56, 0.56, 0.58, 0.59, 0.6, 0.61]
The malicious clients: [76, 81, 93, 9, 44, 22, 8, 33, 62, 11],
	 scores:[1.1, 1.7, 1.85, 1.93, 5.38, 2.53, 8.29, 4.66, 2.5, 3.55]
Training average loss 1.074
Testing accuracy: 48.30%, loss: 1.438
Attack accuracy: 0.00%
Round  11:
selected clients:[11, 22, 33, 44, 39, 64, 59, 70, 45, 35, 37, 83, 36, 72, 15, 88, 3, 29, 25, 6]
malicious client:11
malicious client:22
malicious client:33
malicious client:44
The benign clients: [36, 6, 25, 29, 15, 72, 59, 70, 35, 88],
	 scores:[0.23, 0.25, 0.26, 0.15, 0.15, 0.24, 0.26, 0.23, 0.28, 0.3]
The malicious clients: [37, 39, 45, 3, 22, 64, 83, 44, 33, 11],
	 scores:[0.41, 1.06, 0.58, 0.93, 1.07, 14.56, 7.99, 1.3, 6.45, 1.27]
Training average loss 1.080
Testing accuracy: 50.54%, loss: 1.376
Attack accuracy: 0.00%
Round  12:
selected clients:[11, 22, 33, 44, 50, 98, 49, 96, 90, 28, 76, 19, 13, 32, 57, 36, 61, 83, 14, 84]
malicious client:11
malicious client:22
malicious client:33
malicious client:44
The benign clients: [32, 49, 76, 13, 36, 98, 28, 14, 19, 57],
	 scores:[0.5, 0.57, 0.78, 0.64, 0.65, 0.69, 0.78, 0.72, 0.77, 0.75]
The malicious clients: [96, 90, 33, 84, 22, 50, 61, 83, 44, 11],
	 scores:[0.79, 0.88, 1.95, 2.05, 3.04, 2.12, 3.45, 9.3, 3.8, 3.78]
Training average loss 1.016
Testing accuracy: 51.17%, loss: 1.368
Attack accuracy: 0.00%
Round  13:
selected clients:[11, 22, 33, 44, 64, 32, 43, 56, 81, 52, 46, 3, 25, 68, 91, 37, 36, 71, 92, 62]
malicious client:11
malicious client:22
malicious client:33
malicious client:44
The benign clients: [81, 62, 71, 3, 46, 32, 43, 52, 36, 37],
	 scores:[0.35, 0.06, 0.24, 0.35, 0.55, 0.08, 0.09, 0.7, 0.71, 0.75]
The malicious clients: [56, 11, 25, 22, 91, 44, 64, 33, 92, 68],
	 scores:[0.78, 0.81, 0.84, 1.39, 3.76, 3.62, 17.23, 3.78, 0.82, 1.11]
Training average loss 1.029
Testing accuracy: 50.57%, loss: 1.372
Attack accuracy: 0.00%
Round  14:
selected clients:[11, 22, 33, 44, 64, 60, 30, 62, 82, 99, 87, 13, 9, 91, 26, 53, 3, 40, 14, 27]
malicious client:11
malicious client:22
malicious client:33
malicious client:44
The benign clients: [30, 40, 62, 14, 22, 60, 3, 13, 53, 27],
	 scores:[0.24, 0.15, 0.29, 0.33, 0.59, 0.57, 0.54, 0.6, 0.61, 0.63]
The malicious clients: [82, 87, 9, 91, 26, 33, 44, 64, 11, 99],
	 scores:[0.64, 0.71, 1.33, 1.06, 1.17, 0.86, 2.04, 4.56, 9.16, 11.92]
Training average loss 1.036
Testing accuracy: 54.30%, loss: 1.302
Attack accuracy: 100.00%
Round  15:
selected clients:[11, 22, 33, 44, 14, 59, 26, 53, 79, 18, 7, 69, 35, 34, 54, 48, 12, 77, 3, 5]
malicious client:11
malicious client:22
malicious client:33
malicious client:44
The benign clients: [7, 12, 48, 3, 14, 54, 26, 53, 18, 34],
	 scores:[0.01, 0.06, 0.24, 0.52, 0.64, 0.41, 0.25, 0.35, 0.54, 0.39]
The malicious clients: [77, 69, 35, 22, 59, 33, 79, 5, 44, 11],
	 scores:[0.67, 0.96, 1.0, 4.68, 0.94, 0.83, 0.75, 5.24, 13.82, 5.71]
Training average loss 0.964
Testing accuracy: 53.30%, loss: 1.302
Attack accuracy: 0.00%
Round  16:
selected clients:[11, 22, 33, 44, 36, 95, 0, 66, 77, 87, 45, 16, 73, 54, 80, 63, 68, 42, 29, 26]
malicious client:11
malicious client:22
malicious client:33
malicious client:44
The benign clients: [45, 26, 29, 42, 36, 95, 80, 54, 77, 16],
	 scores:[0.45, 0.55, 0.36, 0.46, 0.51, 0.31, 0.09, 0.56, 0.52, 0.52]
The malicious clients: [87, 22, 73, 66, 0, 63, 68, 44, 33, 11],
	 scores:[0.58, 5.89, 2.93, 0.58, 0.62, 0.69, 3.41, 5.17, 4.85, 8.96]
Training average loss 0.967
Testing accuracy: 53.47%, loss: 1.283
Attack accuracy: 0.00%
Round  17:
selected clients:[11, 22, 33, 44, 74, 83, 26, 58, 21, 41, 70, 12, 68, 32, 78, 38, 85, 94, 55, 59]
malicious client:11
malicious client:22
malicious client:33
malicious client:44
The benign clients: [26, 32, 70, 21, 12, 58, 85, 59, 55, 78],
	 scores:[0.23, 0.01, 0.14, 0.14, 0.27, 0.61, 0.53, 0.66, 0.75, 0.71]
The malicious clients: [74, 38, 41, 68, 22, 83, 44, 94, 33, 11],
	 scores:[0.75, 0.75, 0.75, 1.25, 4.44, 11.95, 3.69, 5.23, 0.87, 4.27]
Training average loss 0.961
Testing accuracy: 54.13%, loss: 1.284
Attack accuracy: 0.00%
Round  18:
selected clients:[11, 22, 33, 44, 25, 8, 46, 32, 74, 4, 97, 34, 28, 94, 49, 56, 65, 91, 60, 66]
malicious client:11
malicious client:22
malicious client:33
malicious client:44
The benign clients: [32, 65, 97, 49, 56, 66, 46, 28, 25, 34],
	 scores:[0.07, 0.5, 0.15, 0.3, 0.57, 0.32, 0.43, 0.64, 0.66, 0.76]
The malicious clients: [60, 91, 4, 94, 22, 74, 8, 44, 33, 11],
	 scores:[0.96, 1.12, 1.19, 3.99, 2.08, 1.6, 12.67, 7.42, 1.24, 1.35]
Training average loss 1.002
Testing accuracy: 56.93%, loss: 1.233
Attack accuracy: 0.00%
Round  19:
selected clients:[11, 22, 33, 44, 76, 69, 4, 81, 85, 66, 13, 91, 79, 8, 30, 57, 54, 26, 28, 89]
malicious client:11
malicious client:22
malicious client:33
malicious client:44
The benign clients: [4, 66, 54, 85, 89, 79, 69, 76, 33, 30],
	 scores:[0.28, 0.43, 0.33, 0.34, 0.54, 0.57, 0.6, 0.65, 0.83, 0.88]
The malicious clients: [22, 57, 81, 91, 11, 44, 13, 26, 28, 8],
	 scores:[0.94, 1.25, 1.38, 1.94, 2.02, 6.26, 2.27, 2.08, 2.14, 12.28]
Training average loss 0.942
Testing accuracy: 55.48%, loss: 1.258
Attack accuracy: 100.00%
Round  20:
selected clients:[11, 22, 33, 44, 71, 1, 50, 5, 61, 15, 70, 26, 3, 42, 38, 23, 67, 86, 85, 34]
malicious client:11
malicious client:22
malicious client:33
malicious client:44
The benign clients: [70, 5, 33, 85, 71, 1, 86, 34, 67, 42],
	 scores:[0.11, 0.16, 0.51, 0.39, 0.29, 0.39, 0.24, 0.28, 0.29, 0.36]
The malicious clients: [38, 26, 3, 22, 23, 15, 61, 50, 44, 11],
	 scores:[0.56, 0.85, 1.09, 0.65, 0.63, 1.3, 13.65, 3.05, 10.34, 2.87]
Training average loss 0.908
Testing accuracy: 55.27%, loss: 1.236
Attack accuracy: 100.00%
Round  21:
selected clients:[11, 22, 33, 44, 28, 88, 93, 61, 81, 41, 58, 99, 67, 59, 72, 3, 86, 34, 43, 74]
malicious client:11
malicious client:22
malicious client:33
malicious client:44
The benign clients: [3, 88, 81, 34, 86, 41, 93, 59, 58, 43],
	 scores:[0.45, 0.39, 0.15, 0.37, 0.36, 0.51, 0.1, 0.56, 0.56, 0.58]
The malicious clients: [72, 74, 67, 99, 22, 61, 28, 44, 33, 11],
	 scores:[0.58, 0.59, 0.7, 11.41, 1.63, 10.95, 0.94, 4.6, 0.84, 1.71]
Training average loss 0.935
Testing accuracy: 54.83%, loss: 1.253
Attack accuracy: 0.00%
Round  22:
selected clients:[11, 22, 33, 44, 18, 32, 37, 79, 57, 34, 26, 0, 81, 64, 63, 98, 51, 14, 85, 4]
malicious client:11
malicious client:22
malicious client:33
malicious client:44
The benign clients: [4, 32, 26, 14, 79, 0, 85, 98, 18, 63],
	 scores:[0.3, 0.3, 0.08, 0.3, 0.26, 0.49, 0.53, 0.66, 0.67, 0.87]
The malicious clients: [37, 81, 11, 64, 22, 57, 51, 44, 33, 34],
	 scores:[0.9, 1.31, 1.34, 12.41, 2.6, 1.42, 4.92, 3.91, 3.29, 1.43]
Training average loss 0.887
Testing accuracy: 56.76%, loss: 1.203
Attack accuracy: 0.00%
Round  23:
selected clients:[11, 22, 33, 44, 18, 83, 2, 55, 5, 28, 78, 4, 1, 29, 24, 14, 67, 15, 9, 84]
malicious client:11
malicious client:22
malicious client:33
malicious client:44
The benign clients: [5, 24, 1, 15, 29, 78, 2, 55, 18, 28],
	 scores:[0.02, 0.27, 0.51, 0.04, 0.55, 0.66, 0.67, 0.67, 0.64, 0.72]
The malicious clients: [67, 4, 9, 14, 11, 22, 83, 44, 33, 84],
	 scores:[0.8, 0.84, 0.91, 1.02, 2.65, 3.62, 12.22, 2.73, 3.07, 5.38]
Training average loss 0.893
Testing accuracy: 58.72%, loss: 1.171
Attack accuracy: 0.00%
Round  24:
selected clients:[11, 22, 33, 44, 89, 12, 49, 54, 91, 98, 51, 6, 32, 19, 63, 58, 13, 45, 96, 62]
malicious client:11
malicious client:22
malicious client:33
malicious client:44
The benign clients: [54, 32, 96, 45, 63, 12, 19, 89, 49, 98],
	 scores:[0.5, 0.04, 0.07, 0.57, 0.56, 0.47, 0.58, 0.59, 0.59, 0.67]
The malicious clients: [58, 91, 51, 62, 6, 22, 13, 44, 33, 11],
	 scores:[0.78, 1.14, 1.2, 1.85, 4.75, 4.06, 2.25, 7.91, 2.01, 7.43]
Training average loss 0.916
Testing accuracy: 56.49%, loss: 1.204
Attack accuracy: 0.00%
Round  25:
selected clients:[11, 22, 33, 44, 53, 67, 99, 54, 36, 95, 64, 73, 97, 85, 55, 69, 60, 91, 65, 32]
malicious client:11
malicious client:22
malicious client:33
malicious client:44
The benign clients: [73, 32, 65, 91, 60, 55, 97, 54, 95, 67],
	 scores:[0.26, 0.08, 0.38, 0.33, 0.42, 0.22, 0.29, 0.18, 0.42, 0.46]
The malicious clients: [53, 11, 99, 85, 64, 69, 36, 44, 33, 22],
	 scores:[0.47, 0.48, 11.94, 0.63, 17.42, 0.75, 0.56, 1.33, 0.73, 0.65]
Training average loss 0.922
Testing accuracy: 57.25%, loss: 1.183
Attack accuracy: 0.00%
Round  26:
selected clients:[11, 22, 33, 44, 71, 19, 26, 95, 4, 15, 18, 50, 57, 38, 87, 46, 34, 10, 40, 16]
malicious client:11
malicious client:22
malicious client:33
malicious client:44
The benign clients: [18, 16, 34, 46, 71, 38, 26, 95, 4, 57],
	 scores:[0.61, 0.67, 0.46, 0.46, 0.58, 0.55, 0.17, 0.25, 0.37, 0.54]
The malicious clients: [15, 50, 22, 19, 87, 44, 33, 10, 40, 11],
	 scores:[0.69, 5.95, 6.17, 0.95, 2.65, 7.84, 1.02, 0.86, 1.32, 5.87]
Training average loss 0.852
Testing accuracy: 57.85%, loss: 1.174
Attack accuracy: 100.00%
Round  27:
selected clients:[11, 22, 33, 44, 72, 38, 90, 78, 13, 70, 73, 31, 81, 28, 4, 69, 41, 56, 35, 97]
malicious client:11
malicious client:22
malicious client:33
malicious client:44
The benign clients: [97, 4, 31, 56, 72, 78, 38, 73, 69, 81],
	 scores:[0.34, 0.05, 0.39, 0.54, 0.5, 0.56, 0.58, 0.56, 0.58, 0.66]
The malicious clients: [35, 41, 28, 33, 90, 70, 22, 13, 44, 11],
	 scores:[0.67, 0.88, 0.89, 0.91, 1.33, 1.52, 6.22, 3.18, 11.88, 5.75]
Training average loss 0.856
Testing accuracy: 57.98%, loss: 1.175
Attack accuracy: 0.00%
Round  28:
selected clients:[11, 22, 33, 44, 87, 3, 46, 67, 68, 48, 97, 17, 91, 40, 78, 76, 5, 4, 81, 73]
malicious client:11
malicious client:22
malicious client:33
malicious client:44
The benign clients: [46, 73, 81, 4, 40, 3, 48, 67, 87, 78],
	 scores:[0.37, 0.17, 0.24, 0.03, 0.26, 0.41, 0.42, 0.45, 0.46, 0.5]
The malicious clients: [17, 76, 97, 68, 33, 91, 22, 44, 5, 11],
	 scores:[0.56, 0.57, 0.57, 0.57, 0.79, 1.77, 2.09, 15.32, 10.05, 2.41]
Training average loss 0.881
Testing accuracy: 59.09%, loss: 1.149
Attack accuracy: 0.00%
Round  29:
selected clients:[11, 22, 33, 44, 2, 62, 54, 77, 96, 10, 67, 49, 89, 43, 64, 71, 99, 9, 5, 98]
malicious client:11
malicious client:22
malicious client:33
malicious client:44
The benign clients: [49, 98, 33, 71, 2, 62, 54, 89, 96, 10],
	 scores:[0.66, 0.58, 0.14, 0.63, 0.58, 0.07, 0.64, 0.55, 0.21, 0.66]
The malicious clients: [77, 43, 11, 22, 9, 67, 99, 44, 5, 64],
	 scores:[0.78, 0.91, 0.93, 1.21, 1.22, 1.69, 11.64, 4.21, 2.22, 8.46]
Training average loss 0.876
Testing accuracy: 61.09%, loss: 1.120
Attack accuracy: 0.00%
Round  30:
selected clients:[11, 22, 33, 44, 23, 6, 20, 74, 68, 60, 1, 10, 36, 3, 38, 77, 13, 39, 47, 51]
malicious client:11
malicious client:22
malicious client:33
malicious client:44
The benign clients: [74, 3, 1, 38, 23, 77, 36, 68, 10, 13],
	 scores:[0.42, 0.46, 0.35, 0.35, 0.26, 0.4, 0.5, 0.52, 0.52, 0.55]
The malicious clients: [47, 20, 60, 51, 22, 6, 44, 39, 33, 11],
	 scores:[0.57, 0.59, 0.84, 1.39, 5.03, 2.65, 8.7, 3.28, 2.79, 7.85]
Training average loss 0.827
Testing accuracy: 60.76%, loss: 1.119
Attack accuracy: 100.00%
Round  31:
selected clients:[11, 22, 33, 44, 63, 25, 76, 39, 88, 65, 89, 32, 93, 96, 53, 21, 37, 79, 28, 14]
malicious client:11
malicious client:22
malicious client:33
malicious client:44
The benign clients: [88, 14, 79, 37, 89, 65, 53, 32, 63, 25],
	 scores:[0.21, 0.46, 0.42, 0.42, 0.36, 0.48, 0.6, 0.6, 0.59, 0.63]
The malicious clients: [96, 28, 33, 76, 22, 21, 11, 44, 39, 93],
	 scores:[0.63, 0.71, 0.83, 1.27, 1.59, 1.45, 1.96, 5.95, 5.78, 13.06]
Training average loss 0.809
Testing accuracy: 60.63%, loss: 1.106
Attack accuracy: 0.00%
Round  32:
selected clients:[11, 22, 33, 44, 50, 36, 55, 51, 69, 29, 53, 4, 81, 34, 37, 90, 85, 7, 87, 13]
malicious client:11
malicious client:22
malicious client:33
malicious client:44
The benign clients: [4, 13, 85, 29, 81, 34, 7, 69, 87, 50],
	 scores:[0.01, 0.13, 0.08, 0.18, 0.21, 0.32, 0.52, 0.5, 0.52, 0.56]
The malicious clients: [90, 37, 55, 53, 36, 51, 33, 11, 22, 44],
	 scores:[0.58, 0.58, 0.59, 0.63, 0.65, 1.39, 1.56, 5.9, 5.93, 17.17]
Training average loss 0.808
Testing accuracy: 59.71%, loss: 1.109
Attack accuracy: 0.00%
Round  33:
selected clients:[11, 22, 33, 44, 62, 42, 79, 60, 19, 59, 10, 76, 85, 45, 27, 35, 28, 17, 64, 25]
malicious client:11
malicious client:22
malicious client:33
malicious client:44
The benign clients: [10, 85, 45, 17, 35, 42, 59, 62, 19, 76],
	 scores:[0.19, 0.19, 0.22, 0.24, 0.29, 0.23, 0.44, 0.27, 0.36, 0.3]
The malicious clients: [60, 27, 79, 25, 22, 44, 28, 33, 64, 11],
	 scores:[0.73, 0.81, 1.16, 1.39, 2.09, 2.56, 2.98, 3.53, 16.71, 3.31]
Training average loss 0.847
Testing accuracy: 62.02%, loss: 1.093
Attack accuracy: 0.00%
Round  34:
selected clients:[11, 22, 33, 44, 91, 5, 53, 76, 6, 21, 75, 17, 55, 90, 43, 80, 47, 87, 81, 34]
malicious client:11
malicious client:22
malicious client:33
malicious client:44
The benign clients: [75, 34, 81, 80, 55, 5, 53, 17, 21, 76],
	 scores:[0.46, 0.52, 0.54, 0.0, 0.41, 0.59, 0.68, 0.56, 0.72, 0.73]
The malicious clients: [87, 90, 33, 11, 6, 44, 47, 22, 91, 43],
	 scores:[0.74, 0.8, 2.2, 3.02, 3.49, 2.93, 2.61, 4.72, 7.52, 4.74]
Training average loss 0.799
Testing accuracy: 61.85%, loss: 1.099
Attack accuracy: 0.00%
Round  35:
selected clients:[11, 22, 33, 44, 90, 65, 80, 38, 42, 21, 0, 52, 55, 92, 19, 25, 48, 43, 54, 32]
malicious client:11
malicious client:22
malicious client:33
malicious client:44
The benign clients: [38, 32, 19, 44, 0, 42, 80, 21, 92, 25],
	 scores:[0.22, 0.15, 0.58, 0.19, 0.35, 0.55, 0.23, 0.62, 0.72, 0.71]
The malicious clients: [54, 52, 55, 65, 33, 22, 48, 43, 90, 11],
	 scores:[0.72, 0.85, 1.23, 1.24, 2.78, 6.15, 1.43, 10.83, 5.48, 2.97]
Training average loss 0.770
Testing accuracy: 57.66%, loss: 1.169
Attack accuracy: 100.00%
Round  36:
selected clients:[11, 22, 33, 44, 86, 37, 87, 36, 43, 52, 71, 55, 85, 88, 54, 45, 77, 50, 24, 28]
malicious client:11
malicious client:22
malicious client:33
malicious client:44
The benign clients: [36, 55, 24, 88, 54, 52, 37, 45, 86, 71],
	 scores:[0.27, 0.52, 0.11, 0.13, 0.2, 0.4, 0.65, 0.68, 0.68, 0.7]
The malicious clients: [77, 28, 85, 22, 43, 87, 44, 50, 33, 11],
	 scores:[0.77, 0.95, 3.67, 3.35, 8.07, 1.57, 6.38, 2.15, 2.58, 4.17]
Training average loss 0.784
Testing accuracy: 62.10%, loss: 1.070
Attack accuracy: 0.00%
Round  37:
selected clients:[11, 22, 33, 44, 25, 79, 0, 77, 23, 71, 55, 83, 80, 29, 47, 84, 97, 48, 39, 45]
malicious client:11
malicious client:22
malicious client:33
malicious client:44
The benign clients: [80, 71, 48, 97, 29, 45, 77, 0, 23, 25],
	 scores:[0.21, 0.51, 0.09, 0.22, 0.11, 0.52, 0.52, 0.55, 0.55, 0.57]
The malicious clients: [79, 83, 55, 22, 47, 84, 44, 33, 39, 11],
	 scores:[0.62, 7.48, 0.68, 1.92, 0.78, 10.5, 7.32, 1.0, 2.52, 1.34]
Training average loss 0.793
Testing accuracy: 61.17%, loss: 1.090
Attack accuracy: 0.00%
Round  38:
selected clients:[11, 22, 33, 44, 58, 93, 42, 62, 74, 53, 48, 41, 25, 91, 13, 52, 72, 40, 35, 18]
malicious client:11
malicious client:22
malicious client:33
malicious client:44
The benign clients: [62, 25, 35, 40, 48, 74, 42, 72, 18, 52],
	 scores:[0.33, 0.19, 0.57, 0.06, 0.51, 0.52, 0.48, 0.58, 0.58, 0.59]
The malicious clients: [58, 41, 53, 91, 13, 22, 93, 44, 33, 11],
	 scores:[0.65, 1.2, 1.32, 6.1, 1.81, 1.57, 7.97, 6.53, 4.57, 1.85]
Training average loss 0.819
Testing accuracy: 60.21%, loss: 1.104
Attack accuracy: 0.00%
Round  39:
selected clients:[11, 22, 33, 44, 88, 21, 30, 97, 6, 60, 67, 58, 3, 2, 64, 86, 54, 75, 85, 26]
malicious client:11
malicious client:22
malicious client:33
malicious client:44
The benign clients: [88, 60, 75, 97, 26, 54, 33, 85, 6, 21],
	 scores:[0.23, 0.26, 0.26, 0.2, 0.33, 0.4, 0.61, 0.56, 0.46, 0.55]
The malicious clients: [2, 58, 67, 86, 3, 64, 30, 22, 44, 11],
	 scores:[0.62, 1.03, 0.72, 1.14, 1.61, 14.1, 4.66, 1.75, 4.72, 3.78]
Training average loss 0.771
Testing accuracy: 60.94%, loss: 1.086
Attack accuracy: 100.00%
Round  40:
selected clients:[11, 22, 33, 44, 55, 62, 72, 70, 82, 31, 20, 88, 97, 53, 2, 47, 78, 45, 4, 63]
malicious client:11
malicious client:22
malicious client:33
malicious client:44
The benign clients: [78, 88, 53, 4, 55, 2, 45, 20, 72, 63],
	 scores:[0.3, 0.39, 0.67, 0.66, 0.68, 0.51, 0.68, 0.7, 0.7, 0.69]
The malicious clients: [97, 33, 31, 22, 82, 47, 70, 62, 44, 11],
	 scores:[0.72, 0.74, 1.07, 2.56, 1.87, 8.7, 2.42, 2.85, 7.06, 4.04]
Training average loss 0.749
Testing accuracy: 63.65%, loss: 1.038
Attack accuracy: 0.00%
Round  41:
selected clients:[11, 22, 33, 44, 54, 8, 45, 74, 80, 75, 47, 30, 57, 40, 56, 31, 93, 1, 89, 99]
malicious client:11
malicious client:22
malicious client:33
malicious client:44
The benign clients: [47, 11, 33, 1, 54, 31, 40, 30, 75, 57],
	 scores:[0.21, 0.24, 0.3, 0.39, 0.36, 0.43, 0.07, 0.39, 0.45, 0.5]
The malicious clients: [89, 74, 56, 45, 80, 22, 93, 44, 8, 99],
	 scores:[0.52, 0.52, 0.52, 0.65, 0.95, 1.1, 1.73, 11.76, 8.23, 8.68]
Training average loss 0.793
Testing accuracy: 62.26%, loss: 1.057
Attack accuracy: 100.00%
Round  42:
selected clients:[11, 22, 33, 44, 60, 77, 54, 41, 24, 16, 82, 32, 61, 12, 17, 58, 42, 38, 79, 55]
malicious client:11
malicious client:22
malicious client:33
malicious client:44
The benign clients: [54, 55, 58, 32, 82, 24, 16, 38, 42, 77],
	 scores:[0.14, 0.23, 0.19, 0.04, 0.21, 0.18, 0.26, 0.34, 0.41, 0.38]
The malicious clients: [60, 79, 12, 22, 17, 11, 33, 61, 44, 41],
	 scores:[0.42, 0.53, 1.3, 1.83, 0.63, 2.11, 2.16, 16.37, 5.95, 4.35]
Training average loss 0.776
Testing accuracy: 62.14%, loss: 1.056
Attack accuracy: 100.00%
Round  43:
selected clients:[11, 22, 33, 44, 99, 76, 84, 15, 32, 19, 60, 62, 6, 30, 79, 88, 3, 56, 97, 92]
malicious client:11
malicious client:22
malicious client:33
malicious client:44
The benign clients: [60, 11, 33, 97, 3, 88, 6, 15, 62, 22],
	 scores:[0.49, 0.11, 0.0, 0.49, 0.51, 0.34, 0.25, 0.02, 0.22, 0.21]
The malicious clients: [19, 32, 84, 30, 79, 76, 99, 56, 44, 92],
	 scores:[0.53, 0.71, 9.96, 0.53, 0.57, 0.63, 9.18, 0.57, 12.15, 0.53]
Training average loss 0.768
Testing accuracy: 63.54%, loss: 1.034
Attack accuracy: 100.00%
Round  44:
selected clients:[11, 22, 33, 44, 88, 50, 95, 74, 73, 68, 92, 80, 10, 15, 4, 86, 69, 26, 81, 34]
malicious client:11
malicious client:22
malicious client:33
malicious client:44
The benign clients: [74, 80, 26, 73, 88, 68, 95, 10, 92, 4],
	 scores:[0.47, 0.57, 0.09, 0.43, 0.04, 0.14, 0.34, 0.71, 0.75, 0.75]
The malicious clients: [69, 86, 34, 15, 22, 50, 44, 33, 81, 11],
	 scores:[0.76, 0.78, 0.78, 4.57, 5.75, 5.63, 2.77, 0.89, 4.58, 7.18]
Training average loss 0.676
Testing accuracy: 63.18%, loss: 1.042
Attack accuracy: 100.00%
Round  45:
selected clients:[11, 22, 33, 44, 58, 9, 35, 56, 69, 72, 14, 34, 53, 71, 84, 13, 42, 55, 24, 79]
malicious client:11
malicious client:22
malicious client:33
malicious client:44
The benign clients: [55, 53, 71, 9, 69, 34, 35, 79, 42, 56],
	 scores:[0.09, 0.25, 0.3, 0.3, 0.33, 0.38, 0.46, 0.32, 0.47, 0.62]
The malicious clients: [24, 72, 14, 22, 84, 13, 58, 44, 33, 11],
	 scores:[0.71, 1.18, 2.86, 1.63, 14.58, 1.39, 1.2, 5.94, 3.0, 1.99]
Training average loss 0.723
Testing accuracy: 63.57%, loss: 1.033
Attack accuracy: 100.00%
Round  46:
selected clients:[11, 22, 33, 44, 15, 27, 66, 5, 17, 45, 80, 7, 71, 94, 62, 24, 55, 93, 23, 60]
malicious client:11
malicious client:22
malicious client:33
malicious client:44
The benign clients: [80, 60, 23, 55, 15, 24, 71, 5, 17, 7],
	 scores:[0.61, 0.69, 0.61, 0.54, 0.26, 0.27, 0.45, 0.64, 0.72, 0.75]
The malicious clients: [45, 22, 66, 94, 62, 27, 44, 93, 33, 11],
	 scores:[0.81, 4.52, 0.84, 5.43, 5.09, 0.82, 7.39, 1.96, 4.4, 1.21]
Training average loss 0.749
Testing accuracy: 64.25%, loss: 1.020
Attack accuracy: 100.00%
Round  47:
selected clients:[11, 22, 33, 44, 69, 63, 8, 73, 56, 91, 23, 45, 82, 28, 32, 48, 36, 6, 86, 61]
malicious client:11
malicious client:22
malicious client:33
malicious client:44
The benign clients: [23, 48, 32, 86, 28, 6, 82, 11, 56, 45],
	 scores:[0.25, 0.54, 0.17, 0.25, 0.62, 0.22, 0.27, 0.72, 0.68, 0.43]
The malicious clients: [73, 22, 8, 69, 33, 36, 91, 63, 44, 61],
	 scores:[0.75, 1.54, 1.22, 1.09, 1.07, 0.77, 2.41, 3.01, 4.53, 17.46]
Training average loss 0.750
Testing accuracy: 62.61%, loss: 1.031
Attack accuracy: 100.00%
Round  48:
selected clients:[11, 22, 33, 44, 54, 34, 36, 26, 81, 66, 29, 75, 31, 87, 27, 65, 74, 3, 52, 5]
malicious client:11
malicious client:22
malicious client:33
malicious client:44
The benign clients: [75, 74, 27, 52, 54, 34, 36, 26, 66, 31],
	 scores:[0.57, 0.28, 0.86, 0.62, 0.19, 0.84, 0.71, 0.5, 0.83, 0.85]
The malicious clients: [3, 29, 22, 87, 33, 65, 81, 5, 44, 11],
	 scores:[0.97, 1.58, 3.64, 2.99, 2.34, 1.13, 1.54, 4.27, 8.14, 5.14]
Training average loss 0.686
Testing accuracy: 63.29%, loss: 1.029
Attack accuracy: 100.00%
Round  49:
selected clients:[11, 22, 33, 44, 98, 52, 74, 21, 16, 50, 4, 75, 53, 82, 2, 51, 94, 97, 17, 55]
malicious client:11
malicious client:22
malicious client:33
malicious client:44
The benign clients: [2, 74, 4, 97, 98, 52, 55, 21, 53, 75],
	 scores:[0.52, 0.56, 0.17, 0.47, 0.49, 0.46, 0.26, 0.41, 0.58, 0.59]
The malicious clients: [17, 16, 82, 11, 22, 51, 94, 44, 33, 50],
	 scores:[0.6, 0.67, 0.7, 1.11, 1.6, 2.54, 9.23, 7.62, 1.39, 8.03]
Training average loss 0.723
Testing accuracy: 63.85%, loss: 1.024
Attack accuracy: 100.00%
Round  50:
selected clients:[11, 22, 33, 44, 64, 99, 19, 82, 1, 29, 75, 79, 27, 3, 39, 8, 55, 31, 89, 97]
malicious client:11
malicious client:22
malicious client:33
malicious client:44
The benign clients: [22, 11, 33, 39, 29, 31, 55, 89, 79, 3],
	 scores:[0.08, 0.11, 0.12, 0.11, 0.13, 0.22, 0.14, 0.3, 0.33, 0.33]
The malicious clients: [27, 1, 82, 75, 97, 8, 44, 19, 64, 99],
	 scores:[0.34, 0.34, 0.35, 0.35, 0.36, 2.73, 17.97, 0.36, 12.35, 0.96]
Training average loss 0.785
Testing accuracy: 64.66%, loss: 0.997
Attack accuracy: 100.00%
Round  51:
selected clients:[11, 22, 33, 44, 68, 4, 8, 80, 73, 3, 56, 41, 18, 93, 24, 77, 91, 59, 40, 65]
malicious client:11
malicious client:22
malicious client:33
malicious client:44
The benign clients: [73, 3, 40, 77, 24, 4, 18, 80, 65, 59],
	 scores:[0.68, 0.67, 0.22, 0.43, 0.53, 0.14, 0.67, 0.18, 0.76, 0.81]
The malicious clients: [41, 68, 33, 11, 56, 44, 91, 93, 8, 22],
	 scores:[0.83, 0.88, 0.94, 1.11, 1.34, 12.45, 1.7, 1.59, 10.9, 1.17]
Training average loss 0.714
Testing accuracy: 65.04%, loss: 1.001
Attack accuracy: 100.00%
Round  52:
selected clients:[11, 22, 33, 44, 34, 0, 72, 1, 52, 47, 27, 74, 95, 81, 35, 31, 94, 89, 17, 65]
malicious client:11
malicious client:22
malicious client:33
malicious client:44
The benign clients: [95, 31, 89, 72, 35, 17, 34, 52, 27, 47],
	 scores:[0.02, 0.04, 0.46, 0.27, 0.55, 0.56, 0.61, 0.6, 0.59, 0.61]
The malicious clients: [74, 1, 65, 81, 22, 0, 94, 44, 33, 11],
	 scores:[0.61, 0.66, 0.69, 2.73, 6.73, 0.78, 7.74, 7.47, 1.38, 4.86]
Training average loss 0.696
Testing accuracy: 63.01%, loss: 1.032
Attack accuracy: 100.00%
Round  53:
selected clients:[11, 22, 33, 44, 29, 88, 30, 77, 6, 59, 50, 98, 64, 80, 19, 53, 92, 78, 13, 74]
malicious client:11
malicious client:22
malicious client:33
malicious client:44
The benign clients: [50, 59, 13, 53, 80, 88, 98, 77, 74, 30],
	 scores:[0.12, 0.31, 0.33, 0.34, 0.11, 0.12, 0.43, 0.25, 0.6, 0.62]
The malicious clients: [92, 78, 19, 29, 6, 33, 22, 44, 64, 11],
	 scores:[0.73, 0.77, 0.84, 0.99, 1.39, 1.15, 2.52, 5.77, 17.45, 3.13]
Training average loss 0.686
Testing accuracy: 65.01%, loss: 1.003
Attack accuracy: 100.00%
Round  54:
selected clients:[11, 22, 33, 44, 8, 4, 3, 36, 45, 27, 14, 66, 35, 95, 32, 81, 18, 28, 60, 56]
malicious client:11
malicious client:22
malicious client:33
malicious client:44
The benign clients: [66, 27, 28, 95, 35, 4, 3, 36, 56, 45],
	 scores:[0.38, 0.4, 0.39, 0.35, 0.4, 0.21, 0.34, 0.38, 0.43, 0.47]
The malicious clients: [18, 32, 60, 33, 14, 11, 81, 44, 8, 22],
	 scores:[0.48, 0.54, 0.58, 0.89, 0.53, 1.35, 2.54, 14.34, 10.59, 2.41]
Training average loss 0.670
Testing accuracy: 63.89%, loss: 1.010
Attack accuracy: 100.00%
Round  55:
selected clients:[11, 22, 33, 44, 63, 92, 67, 79, 34, 62, 81, 26, 80, 38, 47, 53, 32, 31, 49, 24]
malicious client:11
malicious client:22
malicious client:33
malicious client:44
The benign clients: [38, 26, 33, 49, 80, 79, 67, 24, 92, 31],
	 scores:[0.43, 0.22, 0.06, 0.05, 0.4, 0.35, 0.61, 0.03, 0.8, 0.85]
The malicious clients: [47, 53, 22, 34, 63, 32, 11, 81, 44, 62],
	 scores:[0.94, 0.96, 1.44, 1.1, 1.26, 1.49, 3.3, 8.24, 11.09, 4.39]
Training average loss 0.654
Testing accuracy: 66.09%, loss: 0.974
Attack accuracy: 100.00%
Round  56:
selected clients:[11, 22, 33, 44, 85, 57, 6, 26, 23, 30, 87, 55, 50, 72, 92, 75, 7, 69, 15, 24]
malicious client:11
malicious client:22
malicious client:33
malicious client:44
The benign clients: [55, 30, 69, 7, 85, 57, 50, 26, 23, 24],
	 scores:[0.3, 0.28, 0.69, 0.15, 0.22, 0.62, 0.64, 0.07, 0.53, 0.73]
The malicious clients: [72, 75, 92, 33, 15, 87, 44, 22, 6, 11],
	 scores:[0.75, 0.75, 0.83, 0.98, 1.13, 1.57, 11.07, 5.85, 6.59, 4.24]
Training average loss 0.660
Testing accuracy: 63.36%, loss: 1.020
Attack accuracy: 100.00%
Round  57:
selected clients:[11, 22, 33, 44, 1, 54, 95, 61, 42, 51, 97, 2, 18, 72, 68, 30, 31, 37, 10, 62]
malicious client:11
malicious client:22
malicious client:33
malicious client:44
The benign clients: [31, 54, 72, 10, 1, 97, 95, 62, 18, 42],
	 scores:[0.18, 0.09, 0.53, 0.49, 0.49, 0.35, 0.14, 0.04, 0.54, 0.63]
The malicious clients: [30, 2, 37, 33, 68, 51, 22, 61, 44, 11],
	 scores:[0.68, 0.72, 0.78, 0.95, 0.92, 1.14, 1.66, 15.33, 10.75, 1.6]
Training average loss 0.686
Testing accuracy: 64.50%, loss: 1.008
Attack accuracy: 100.00%
Round  58:
selected clients:[11, 22, 33, 44, 61, 55, 40, 59, 37, 24, 68, 47, 25, 74, 76, 27, 60, 31, 20, 12]
malicious client:11
malicious client:22
malicious client:33
malicious client:44
The benign clients: [55, 12, 68, 24, 47, 60, 31, 59, 37, 20],
	 scores:[0.35, 0.2, 0.24, 0.4, 0.57, 0.49, 0.43, 0.59, 0.42, 0.59]
The malicious clients: [33, 27, 40, 74, 76, 25, 11, 44, 22, 61],
	 scores:[0.66, 0.68, 0.74, 0.72, 1.05, 0.88, 2.53, 13.42, 3.24, 9.8]
Training average loss 0.657
Testing accuracy: 65.71%, loss: 0.969
Attack accuracy: 100.00%
Round  59:
selected clients:[11, 22, 33, 44, 57, 83, 86, 10, 24, 58, 95, 31, 41, 85, 23, 88, 68, 71, 91, 73]
malicious client:11
malicious client:22
malicious client:33
malicious client:44
The benign clients: [88, 85, 33, 41, 31, 95, 23, 57, 10, 86],
	 scores:[0.04, 0.24, 0.52, 0.41, 0.1, 0.45, 0.52, 0.67, 0.67, 0.72]
The malicious clients: [24, 73, 71, 68, 58, 22, 83, 44, 91, 11],
	 scores:[0.74, 0.76, 0.77, 0.76, 2.31, 3.22, 8.85, 4.48, 8.4, 3.4]
Training average loss 0.645
Testing accuracy: 65.99%, loss: 0.977
Attack accuracy: 100.00%
Round  60:
selected clients:[11, 22, 33, 44, 29, 85, 37, 81, 14, 47, 84, 34, 73, 92, 69, 56, 95, 98, 1, 21]
malicious client:11
malicious client:22
malicious client:33
malicious client:44
The benign clients: [98, 95, 69, 1, 29, 92, 37, 34, 81, 85],
	 scores:[0.48, 0.46, 0.58, 0.37, 0.21, 0.4, 0.55, 0.2, 0.58, 0.62]
The malicious clients: [73, 56, 84, 21, 33, 14, 11, 22, 44, 47],
	 scores:[0.66, 0.69, 0.75, 0.78, 1.49, 1.23, 3.29, 5.55, 6.02, 13.11]
Training average loss 0.648
Testing accuracy: 65.74%, loss: 0.965
Attack accuracy: 100.00%
Round  61:
selected clients:[11, 22, 33, 44, 30, 36, 26, 21, 47, 66, 51, 24, 80, 94, 70, 60, 63, 72, 84, 88]
malicious client:11
malicious client:22
malicious client:33
malicious client:44
The benign clients: [47, 88, 33, 63, 70, 80, 26, 21, 66, 60],
	 scores:[0.4, 0.01, 0.09, 0.69, 0.64, 0.41, 0.13, 0.82, 0.89, 0.93]
The malicious clients: [24, 22, 36, 72, 51, 30, 44, 94, 84, 11],
	 scores:[0.99, 1.81, 1.01, 1.01, 2.32, 2.7, 11.81, 3.52, 4.13, 3.69]
Training average loss 0.647
Testing accuracy: 65.78%, loss: 0.963
Attack accuracy: 100.00%
Round  62:
selected clients:[11, 22, 33, 44, 34, 6, 5, 75, 84, 76, 29, 38, 77, 60, 51, 48, 26, 73, 43, 58]
malicious client:11
malicious client:22
malicious client:33
malicious client:44
The benign clients: [29, 60, 33, 43, 34, 58, 5, 26, 48, 51],
	 scores:[0.09, 0.41, 0.19, 0.06, 0.22, 0.22, 0.28, 0.23, 0.36, 0.21]
The malicious clients: [77, 73, 76, 38, 22, 84, 75, 6, 44, 11],
	 scores:[0.48, 0.49, 0.5, 0.51, 1.13, 12.76, 0.51, 0.51, 17.98, 0.85]
Training average loss 0.676
Testing accuracy: 66.26%, loss: 0.954
Attack accuracy: 100.00%
Round  63:
selected clients:[11, 22, 33, 44, 10, 61, 29, 2, 3, 55, 72, 76, 89, 88, 24, 60, 42, 95, 62, 43]
malicious client:11
malicious client:22
malicious client:33
malicious client:44
The benign clients: [29, 43, 62, 88, 55, 89, 42, 2, 3, 10],
	 scores:[0.08, 0.1, 0.05, 0.1, 0.19, 0.42, 0.68, 0.43, 0.67, 0.44]
The malicious clients: [95, 76, 22, 33, 24, 60, 72, 11, 44, 61],
	 scores:[0.68, 0.69, 1.3, 1.56, 0.68, 0.82, 0.71, 1.57, 14.44, 12.36]
Training average loss 0.621
Testing accuracy: 65.88%, loss: 0.984
Attack accuracy: 100.00%
Round  64:
selected clients:[11, 22, 33, 44, 47, 88, 76, 6, 57, 16, 86, 54, 58, 70, 74, 48, 64, 29, 61, 25]
malicious client:11
malicious client:22
malicious client:33
malicious client:44
The benign clients: [88, 16, 48, 70, 47, 11, 86, 54, 58, 29],
	 scores:[0.05, 0.38, 0.18, 0.3, 0.11, 0.41, 0.77, 0.48, 0.69, 0.62]
The malicious clients: [57, 74, 76, 44, 6, 33, 64, 22, 61, 25],
	 scores:[1.07, 1.1, 1.14, 4.5, 1.51, 2.7, 15.04, 3.75, 1.99, 1.21]
Training average loss 0.633
Testing accuracy: 66.24%, loss: 0.960
Attack accuracy: 100.00%
Round  65:
selected clients:[11, 22, 33, 44, 26, 55, 78, 9, 21, 36, 57, 23, 50, 43, 83, 2, 18, 1, 51, 46]
malicious client:11
malicious client:22
malicious client:33
malicious client:44
The benign clients: [57, 36, 33, 1, 26, 18, 78, 43, 50, 23],
	 scores:[0.78, 0.67, 0.46, 0.55, 0.01, 0.54, 0.44, 0.0, 0.63, 0.6]
The malicious clients: [46, 22, 21, 9, 83, 2, 55, 44, 51, 11],
	 scores:[0.81, 1.73, 0.92, 0.94, 9.17, 1.42, 1.39, 4.39, 8.64, 3.92]
Training average loss 0.623
Testing accuracy: 64.40%, loss: 0.984
Attack accuracy: 100.00%
Round  66:
selected clients:[11, 22, 33, 44, 66, 80, 75, 58, 94, 31, 95, 54, 93, 84, 24, 48, 16, 67, 32, 17]
malicious client:11
malicious client:22
malicious client:33
malicious client:44
The benign clients: [22, 31, 67, 16, 66, 24, 54, 58, 11, 75],
	 scores:[0.2, 0.29, 0.3, 0.32, 0.4, 0.34, 0.35, 0.41, 0.44, 0.46]
The malicious clients: [33, 95, 32, 17, 48, 80, 44, 84, 93, 94],
	 scores:[0.47, 0.47, 0.68, 0.54, 0.54, 0.85, 11.62, 11.63, 2.84, 4.86]
Training average loss 0.669
Testing accuracy: 66.23%, loss: 0.954
Attack accuracy: 100.00%
Round  67:
selected clients:[11, 22, 33, 44, 54, 74, 85, 79, 53, 36, 30, 60, 2, 67, 65, 56, 45, 86, 99, 15]
malicious client:11
malicious client:22
malicious client:33
malicious client:44
The benign clients: [36, 2, 33, 65, 53, 56, 85, 60, 74, 54],
	 scores:[0.21, 0.32, 0.26, 0.32, 0.29, 0.32, 0.35, 0.35, 0.35, 0.36]
The malicious clients: [86, 79, 30, 67, 22, 45, 15, 44, 99, 11],
	 scores:[0.37, 0.44, 0.5, 0.49, 0.78, 0.48, 2.43, 10.77, 13.33, 5.27]
Training average loss 0.656
Testing accuracy: 65.94%, loss: 0.949
Attack accuracy: 100.00%
Round  68:
selected clients:[11, 22, 33, 44, 7, 23, 96, 24, 85, 0, 3, 10, 31, 19, 84, 79, 92, 51, 36, 15]
malicious client:11
malicious client:22
malicious client:33
malicious client:44
The benign clients: [10, 0, 79, 19, 7, 23, 96, 24, 15, 31],
	 scores:[0.62, 0.08, 0.15, 0.39, 0.58, 0.57, 0.53, 0.55, 0.64, 0.66]
The malicious clients: [92, 85, 22, 36, 3, 33, 51, 11, 44, 84],
	 scores:[0.69, 0.83, 0.83, 0.87, 0.77, 1.34, 2.42, 3.36, 14.45, 7.67]
Training average loss 0.636
Testing accuracy: 66.39%, loss: 0.962
Attack accuracy: 100.00%
Round  69:
selected clients:[11, 22, 33, 44, 99, 25, 85, 58, 15, 98, 86, 64, 54, 61, 43, 23, 6, 60, 53, 42]
malicious client:11
malicious client:22
malicious client:33
malicious client:44
The benign clients: [22, 42, 23, 43, 61, 54, 86, 58, 15, 98],
	 scores:[0.15, 0.43, 0.19, 0.15, 0.13, 0.06, 0.36, 0.32, 0.09, 0.45]
The malicious clients: [25, 60, 53, 85, 11, 33, 6, 64, 99, 44],
	 scores:[0.49, 0.49, 0.51, 0.54, 0.58, 0.78, 0.78, 16.71, 12.8, 1.99]
Training average loss 0.655
Testing accuracy: 66.13%, loss: 0.966
Attack accuracy: 100.00%
Round  70:
selected clients:[11, 22, 33, 44, 63, 45, 64, 73, 49, 94, 89, 28, 31, 61, 76, 92, 13, 30, 46, 43]
malicious client:11
malicious client:22
malicious client:33
malicious client:44
The benign clients: [76, 43, 46, 30, 92, 11, 13, 89, 73, 49],
	 scores:[0.55, 0.41, 0.33, 0.04, 0.31, 0.57, 0.59, 0.6, 0.61, 0.76]
The malicious clients: [63, 28, 31, 61, 45, 22, 33, 94, 44, 64],
	 scores:[0.8, 0.86, 0.92, 3.17, 0.91, 1.97, 2.06, 3.47, 4.48, 14.59]
Training average loss 0.685
Testing accuracy: 63.17%, loss: 1.026
Attack accuracy: 100.00%
Round  71:
selected clients:[11, 22, 33, 44, 28, 7, 26, 96, 45, 67, 48, 23, 57, 6, 17, 56, 46, 36, 52, 18]
malicious client:11
malicious client:22
malicious client:33
malicious client:44
The benign clients: [26, 18, 36, 17, 96, 67, 6, 7, 48, 23],
	 scores:[0.47, 0.33, 0.43, 0.44, 0.42, 0.5, 0.61, 0.63, 0.56, 0.68]
The malicious clients: [45, 46, 28, 52, 56, 57, 44, 33, 22, 11],
	 scores:[0.72, 0.73, 1.58, 1.03, 0.82, 2.13, 9.44, 2.83, 5.72, 7.94]
Training average loss 0.622
Testing accuracy: 64.19%, loss: 1.003
Attack accuracy: 100.00%
Round  72:
selected clients:[11, 22, 33, 44, 57, 93, 66, 40, 19, 4, 53, 74, 80, 87, 67, 9, 77, 20, 27, 32]
malicious client:11
malicious client:22
malicious client:33
malicious client:44
The benign clients: [80, 32, 4, 53, 74, 27, 66, 77, 67, 33],
	 scores:[0.23, 0.1, 0.34, 0.44, 0.53, 0.44, 0.38, 0.41, 0.55, 0.37]
The malicious clients: [11, 57, 22, 87, 19, 9, 40, 20, 93, 44],
	 scores:[0.58, 0.6, 0.74, 2.82, 0.73, 4.23, 1.98, 0.73, 13.41, 8.4]
Training average loss 0.616
Testing accuracy: 65.66%, loss: 0.966
Attack accuracy: 100.00%
Round  73:
selected clients:[11, 22, 33, 44, 1, 3, 56, 80, 58, 87, 82, 73, 38, 68, 30, 54, 60, 49, 55, 29]
malicious client:11
malicious client:22
malicious client:33
malicious client:44
The benign clients: [82, 54, 49, 55, 1, 3, 56, 38, 58, 73],
	 scores:[0.61, 0.5, 0.28, 0.26, 0.99, 1.0, 1.09, 1.05, 0.93, 0.88]
The malicious clients: [60, 22, 29, 68, 33, 80, 11, 30, 44, 87],
	 scores:[1.1, 3.45, 1.48, 1.5, 1.55, 1.38, 3.72, 5.63, 6.41, 4.2]
Training average loss 0.615
Testing accuracy: 66.48%, loss: 0.944
Attack accuracy: 100.00%
Round  74:
selected clients:[11, 22, 33, 44, 68, 53, 15, 23, 16, 41, 75, 39, 50, 35, 63, 59, 86, 83, 89, 18]
malicious client:11
malicious client:22
malicious client:33
malicious client:44
The benign clients: [23, 15, 75, 86, 68, 53, 63, 16, 35, 18],
	 scores:[0.14, 0.29, 0.71, 0.4, 0.77, 0.71, 0.8, 0.85, 0.84, 0.87]
The malicious clients: [89, 59, 50, 33, 41, 39, 22, 83, 44, 11],
	 scores:[0.87, 0.87, 1.36, 1.18, 1.47, 4.65, 3.22, 10.32, 4.9, 2.78]
Training average loss 0.625
Testing accuracy: 67.10%, loss: 0.928
Attack accuracy: 100.00%
Round  75:
selected clients:[11, 22, 33, 44, 5, 76, 6, 37, 83, 96, 73, 54, 38, 68, 13, 70, 60, 40, 43, 81]
malicious client:11
malicious client:22
malicious client:33
malicious client:44
The benign clients: [83, 96, 43, 70, 54, 81, 40, 13, 73, 6],
	 scores:[0.12, 0.11, 0.09, 0.16, 0.03, 0.28, 0.29, 0.35, 0.45, 0.48]
The malicious clients: [33, 76, 37, 68, 60, 38, 44, 5, 22, 11],
	 scores:[0.53, 0.54, 0.55, 0.54, 0.56, 0.57, 17.93, 12.44, 1.21, 0.77]
Training average loss 0.618
Testing accuracy: 65.01%, loss: 0.974
Attack accuracy: 100.00%
Round  76:
selected clients:[11, 22, 33, 44, 60, 58, 6, 54, 83, 97, 28, 10, 41, 64, 32, 91, 81, 31, 52, 30]
malicious client:11
malicious client:22
malicious client:33
malicious client:44
The benign clients: [31, 30, 33, 11, 22, 32, 81, 54, 10, 41],
	 scores:[0.1, 0.14, 0.05, 0.17, 0.34, 0.22, 0.26, 0.39, 0.18, 0.41]
The malicious clients: [6, 58, 83, 60, 64, 91, 28, 44, 52, 97],
	 scores:[0.48, 0.5, 0.53, 0.59, 17.8, 5.8, 0.76, 8.03, 0.62, 0.61]
Training average loss 0.653
Testing accuracy: 67.07%, loss: 0.931
Attack accuracy: 100.00%
Round  77:
selected clients:[11, 22, 33, 44, 69, 57, 97, 6, 75, 8, 96, 49, 7, 15, 58, 24, 98, 23, 82, 83]
malicious client:11
malicious client:22
malicious client:33
malicious client:44
The benign clients: [96, 24, 82, 23, 15, 7, 97, 58, 57, 75],
	 scores:[0.08, 0.32, 0.28, 0.0, 0.04, 0.13, 0.36, 0.41, 0.49, 0.61]
The malicious clients: [69, 49, 98, 83, 6, 11, 22, 44, 33, 8],
	 scores:[0.66, 0.9, 1.27, 1.52, 1.01, 2.22, 3.08, 6.65, 3.09, 14.87]
Training average loss 0.643
Testing accuracy: 67.14%, loss: 0.932
Attack accuracy: 100.00%
Round  78:
selected clients:[11, 22, 33, 44, 67, 68, 88, 26, 92, 7, 35, 4, 2, 38, 3, 70, 83, 23, 98, 21]
malicious client:11
malicious client:22
malicious client:33
malicious client:44
The benign clients: [26, 88, 33, 98, 2, 4, 23, 3, 7, 92],
	 scores:[0.49, 0.33, 0.64, 0.63, 0.56, 0.33, 0.09, 0.7, 0.74, 0.74]
The malicious clients: [35, 68, 67, 38, 21, 70, 83, 22, 44, 11],
	 scores:[0.75, 1.01, 0.79, 0.82, 1.01, 1.29, 13.43, 2.99, 7.72, 2.94]
Training average loss 0.546
Testing accuracy: 67.61%, loss: 0.914
Attack accuracy: 100.00%
Round  79:
selected clients:[11, 22, 33, 44, 68, 42, 92, 97, 13, 17, 30, 76, 32, 55, 53, 1, 34, 80, 98, 28]
malicious client:11
malicious client:22
malicious client:33
malicious client:44
The benign clients: [13, 17, 80, 1, 55, 42, 32, 97, 28, 98],
	 scores:[0.09, 0.35, 0.07, 0.11, 0.26, 0.5, 0.01, 0.13, 0.55, 0.56]
The malicious clients: [76, 34, 53, 68, 92, 44, 33, 11, 30, 22],
	 scores:[0.57, 0.58, 0.59, 0.77, 0.79, 3.64, 5.21, 5.26, 12.66, 5.31]
Training average loss 0.562
Testing accuracy: 68.20%, loss: 0.908
Attack accuracy: 100.00%
Round  80:
selected clients:[11, 22, 33, 44, 65, 39, 38, 40, 34, 56, 45, 15, 85, 3, 93, 66, 24, 43, 29, 76]
malicious client:11
malicious client:22
malicious client:33
malicious client:44
The benign clients: [40, 15, 3, 34, 66, 43, 85, 65, 45, 24],
	 scores:[0.12, 0.11, 0.39, 0.39, 0.46, 0.51, 0.46, 0.55, 0.5, 0.58]
The malicious clients: [76, 38, 56, 22, 93, 39, 44, 33, 29, 11],
	 scores:[0.7, 0.72, 0.87, 1.04, 10.92, 2.11, 10.2, 1.5, 4.7, 1.2]
Training average loss 0.631
Testing accuracy: 67.34%, loss: 0.932
Attack accuracy: 100.00%
Round  81:
selected clients:[11, 22, 33, 44, 62, 73, 93, 47, 68, 34, 5, 21, 58, 87, 96, 92, 74, 51, 45, 35]
malicious client:11
malicious client:22
malicious client:33
malicious client:44
The benign clients: [58, 34, 33, 74, 62, 73, 96, 35, 92, 68],
	 scores:[0.55, 0.42, 0.38, 0.53, 0.06, 0.55, 0.39, 0.58, 0.59, 0.6]
The malicious clients: [21, 45, 11, 22, 93, 47, 44, 51, 5, 87],
	 scores:[0.72, 0.74, 1.0, 1.11, 9.34, 7.86, 5.04, 2.1, 4.39, 1.07]
Training average loss 0.632
Testing accuracy: 66.71%, loss: 0.935
Attack accuracy: 100.00%
Round  82:
selected clients:[11, 22, 33, 44, 70, 53, 83, 86, 23, 89, 84, 87, 31, 2, 75, 59, 67, 46, 49, 64]
malicious client:11
malicious client:22
malicious client:33
malicious client:44
The benign clients: [23, 46, 31, 49, 70, 84, 11, 86, 2, 75],
	 scores:[0.37, 0.15, 0.03, 0.29, 0.08, 0.1, 0.19, 0.31, 0.39, 0.53]
The malicious clients: [33, 87, 53, 67, 89, 59, 22, 83, 44, 64],
	 scores:[0.54, 0.55, 0.56, 0.6, 0.64, 0.76, 1.83, 1.92, 11.29, 16.85]
Training average loss 0.623
Testing accuracy: 67.12%, loss: 0.936
Attack accuracy: 100.00%
Round  83:
selected clients:[11, 22, 33, 44, 73, 61, 69, 67, 99, 77, 56, 81, 23, 32, 52, 5, 83, 31, 25, 62]
malicious client:11
malicious client:22
malicious client:33
malicious client:44
The benign clients: [81, 62, 33, 31, 73, 5, 52, 32, 23, 22],
	 scores:[0.24, 0.08, 0.0, 0.08, 0.32, 0.01, 0.46, 0.14, 0.18, 0.24]
The malicious clients: [77, 56, 99, 67, 69, 61, 83, 44, 25, 11],
	 scores:[0.48, 0.51, 13.68, 0.51, 0.52, 14.07, 0.56, 4.9, 0.51, 0.53]
Training average loss 0.595
Testing accuracy: 67.21%, loss: 0.925
Attack accuracy: 100.00%
Round  84:
selected clients:[11, 22, 33, 44, 95, 99, 42, 83, 37, 55, 70, 39, 75, 14, 12, 29, 88, 25, 32, 9]
malicious client:11
malicious client:22
malicious client:33
malicious client:44
The benign clients: [12, 55, 33, 32, 95, 88, 42, 83, 9, 75],
	 scores:[0.41, 0.31, 0.4, 0.59, 0.49, 0.36, 0.58, 0.23, 0.59, 0.63]
The malicious clients: [25, 37, 14, 70, 11, 29, 99, 39, 44, 22],
	 scores:[0.64, 0.65, 0.65, 0.69, 1.15, 7.85, 13.52, 1.63, 5.11, 1.48]
Training average loss 0.599
Testing accuracy: 66.97%, loss: 0.930
Attack accuracy: 100.00%
Round  85:
selected clients:[11, 22, 33, 44, 19, 66, 96, 7, 0, 36, 38, 21, 74, 94, 41, 9, 64, 78, 54, 20]
malicious client:11
malicious client:22
malicious client:33
malicious client:44
The benign clients: [0, 36, 54, 74, 19, 66, 96, 38, 20, 7],
	 scores:[0.43, 0.55, 0.01, 0.56, 0.44, 0.42, 0.02, 0.57, 0.61, 0.61]
The malicious clients: [9, 78, 11, 33, 21, 44, 64, 22, 94, 41],
	 scores:[0.67, 0.69, 1.69, 0.98, 1.27, 2.33, 3.35, 4.1, 10.97, 7.74]
Training average loss 0.577
Testing accuracy: 65.66%, loss: 0.966
Attack accuracy: 100.00%
Round  86:
selected clients:[11, 22, 33, 44, 65, 76, 52, 68, 17, 7, 38, 0, 39, 29, 86, 27, 15, 54, 13, 90]
malicious client:11
malicious client:22
malicious client:33
malicious client:44
The benign clients: [52, 15, 29, 0, 65, 76, 17, 7, 27, 38],
	 scores:[0.75, 0.29, 0.22, 0.76, 0.45, 0.69, 0.78, 0.78, 0.81, 0.82]
The malicious clients: [86, 68, 13, 33, 39, 22, 44, 11, 54, 90],
	 scores:[0.85, 1.0, 1.25, 1.76, 4.75, 2.24, 3.61, 5.07, 5.94, 5.18]
Training average loss 0.590
Testing accuracy: 66.62%, loss: 0.937
Attack accuracy: 100.00%
Round  87:
selected clients:[11, 22, 33, 44, 71, 84, 61, 63, 60, 39, 49, 99, 21, 2, 30, 48, 92, 85, 37, 8]
malicious client:11
malicious client:22
malicious client:33
malicious client:44
The benign clients: [61, 11, 33, 92, 2, 39, 85, 30, 71, 60],
	 scores:[0.34, 0.33, 0.34, 0.27, 0.41, 0.46, 0.52, 0.5, 0.64, 0.65]
The malicious clients: [48, 21, 49, 37, 63, 22, 44, 84, 99, 8],
	 scores:[0.65, 0.66, 0.66, 0.66, 0.72, 1.29, 1.66, 5.57, 11.63, 10.04]
Training average loss 0.655
Testing accuracy: 66.90%, loss: 0.942
Attack accuracy: 100.00%
Round  88:
selected clients:[11, 22, 33, 44, 79, 32, 1, 77, 80, 41, 31, 63, 65, 71, 40, 28, 97, 34, 86, 92]
malicious client:11
malicious client:22
malicious client:33
malicious client:44
The benign clients: [31, 97, 34, 63, 79, 32, 1, 92, 80, 28],
	 scores:[0.4, 0.38, 0.64, 0.29, 0.54, 0.12, 0.66, 0.63, 0.07, 0.68]
The malicious clients: [86, 65, 71, 77, 33, 22, 41, 40, 44, 11],
	 scores:[0.71, 0.75, 0.76, 0.87, 1.51, 1.41, 2.42, 2.79, 15.62, 6.78]
Training average loss 0.560
Testing accuracy: 67.32%, loss: 0.922
Attack accuracy: 100.00%
Round  89:
selected clients:[11, 22, 33, 44, 83, 70, 80, 20, 88, 1, 2, 29, 90, 0, 84, 86, 14, 76, 52, 89]
malicious client:11
malicious client:22
malicious client:33
malicious client:44
The benign clients: [2, 89, 33, 52, 14, 70, 86, 0, 88, 29],
	 scores:[1.17, 0.76, 0.18, 0.73, 0.57, 0.29, 0.87, 1.19, 0.66, 0.13]
The malicious clients: [1, 22, 90, 20, 84, 80, 83, 76, 44, 11],
	 scores:[1.19, 3.24, 5.11, 1.4, 1.29, 1.52, 7.79, 1.23, 6.07, 2.6]
Training average loss 0.568
Testing accuracy: 67.25%, loss: 0.937
Attack accuracy: 100.00%
Round  90:
selected clients:[11, 22, 33, 44, 68, 71, 14, 95, 30, 61, 87, 99, 42, 7, 88, 46, 8, 36, 86, 13]
malicious client:11
malicious client:22
malicious client:33
malicious client:44
The benign clients: [11, 88, 33, 22, 87, 30, 95, 86, 46, 14],
	 scores:[0.07, 0.05, 0.18, 0.08, 0.28, 0.34, 0.34, 0.29, 0.39, 0.41]
The malicious clients: [36, 13, 42, 7, 99, 71, 8, 68, 44, 61],
	 scores:[0.43, 0.46, 0.49, 0.49, 8.86, 0.49, 7.23, 0.49, 1.09, 15.55]
Training average loss 0.594
Testing accuracy: 67.28%, loss: 0.923
Attack accuracy: 100.00%
Round  91:
selected clients:[11, 22, 33, 44, 87, 4, 10, 9, 5, 57, 19, 71, 21, 84, 58, 81, 0, 46, 75, 51]
malicious client:11
malicious client:22
malicious client:33
malicious client:44
The benign clients: [9, 81, 75, 10, 0, 4, 58, 21, 19, 71],
	 scores:[0.14, 0.26, 0.67, 0.38, 0.63, 0.3, 0.45, 0.59, 0.68, 0.71]
The malicious clients: [57, 33, 22, 87, 46, 11, 84, 5, 44, 51],
	 scores:[0.75, 0.9, 1.56, 1.9, 1.62, 2.15, 10.12, 2.77, 9.01, 2.41]
Training average loss 0.572
Testing accuracy: 67.72%, loss: 0.916
Attack accuracy: 100.00%
Round  92:
selected clients:[11, 22, 33, 44, 32, 39, 26, 60, 75, 67, 49, 8, 89, 73, 30, 7, 87, 64, 97, 90]
malicious client:11
malicious client:22
malicious client:33
malicious client:44
The benign clients: [73, 90, 33, 97, 32, 87, 26, 60, 75, 7],
	 scores:[0.87, 0.35, 0.61, 0.87, 0.06, 0.17, 0.04, 0.7, 0.74, 0.41]
The malicious clients: [11, 8, 89, 49, 30, 22, 39, 64, 44, 67],
	 scores:[0.89, 4.49, 0.93, 0.93, 1.58, 1.45, 1.58, 16.05, 4.38, 0.91]
Training average loss 0.621
Testing accuracy: 67.44%, loss: 0.912
Attack accuracy: 100.00%
Round  93:
selected clients:[11, 22, 33, 44, 6, 36, 73, 35, 96, 43, 3, 88, 92, 74, 53, 77, 41, 94, 50, 75]
malicious client:11
malicious client:22
malicious client:33
malicious client:44
The benign clients: [96, 11, 33, 53, 3, 22, 75, 36, 74, 73],
	 scores:[0.1, 0.34, 0.24, 0.46, 0.35, 0.43, 0.48, 0.51, 0.51, 0.51]
The malicious clients: [92, 35, 88, 6, 44, 77, 41, 94, 50, 43],
	 scores:[0.52, 0.52, 0.68, 12.65, 1.18, 1.09, 1.17, 14.24, 0.66, 1.37]
Training average loss 0.514
Testing accuracy: 67.90%, loss: 0.907
Attack accuracy: 100.00%
Round  94:
selected clients:[11, 22, 33, 44, 6, 47, 21, 53, 35, 70, 23, 95, 71, 7, 81, 45, 62, 50, 86, 66]
malicious client:11
malicious client:22
malicious client:33
malicious client:44
The benign clients: [50, 7, 95, 71, 6, 35, 23, 21, 86, 66],
	 scores:[0.42, 0.29, 0.47, 0.62, 0.75, 0.76, 1.04, 0.77, 0.89, 0.95]
The malicious clients: [44, 47, 53, 62, 45, 70, 81, 22, 33, 11],
	 scores:[1.15, 1.24, 1.51, 1.68, 2.28, 2.42, 7.05, 3.72, 3.0, 7.01]
Training average loss 0.503
Testing accuracy: 66.46%, loss: 0.945
Attack accuracy: 100.00%
Round  95:
selected clients:[11, 22, 33, 44, 81, 12, 17, 83, 80, 2, 66, 57, 41, 87, 37, 65, 84, 49, 51, 92]
malicious client:11
malicious client:22
malicious client:33
malicious client:44
The benign clients: [80, 92, 49, 37, 81, 12, 87, 66, 2, 17],
	 scores:[0.33, 0.9, 0.43, 0.93, 0.49, 0.02, 0.55, 0.49, 0.94, 0.98]
The malicious clients: [57, 65, 41, 22, 33, 11, 84, 83, 51, 44],
	 scores:[0.98, 0.99, 1.35, 1.49, 1.34, 2.27, 5.71, 3.38, 2.43, 12.0]
Training average loss 0.591
Testing accuracy: 67.81%, loss: 0.910
Attack accuracy: 100.00%
Round  96:
selected clients:[11, 22, 33, 44, 58, 45, 57, 12, 91, 41, 66, 79, 99, 63, 37, 67, 20, 98, 35, 17]
malicious client:11
malicious client:22
malicious client:33
malicious client:44
The benign clients: [17, 12, 33, 35, 79, 66, 37, 98, 67, 63],
	 scores:[0.26, 0.25, 0.28, 0.22, 0.4, 0.05, 0.43, 0.45, 0.45, 0.44]
The malicious clients: [57, 58, 20, 22, 45, 41, 99, 91, 44, 11],
	 scores:[0.45, 0.5, 0.9, 1.16, 0.57, 2.62, 13.09, 2.79, 9.93, 2.73]
Training average loss 0.588
Testing accuracy: 66.65%, loss: 0.946
Attack accuracy: 100.00%
Round  97:
selected clients:[11, 22, 33, 44, 50, 89, 98, 36, 73, 95, 75, 90, 28, 42, 60, 65, 25, 45, 81, 88]
malicious client:11
malicious client:22
malicious client:33
malicious client:44
The benign clients: [89, 36, 81, 28, 88, 60, 25, 75, 73, 65],
	 scores:[0.56, 0.6, 0.09, 0.57, 0.53, 0.61, 0.68, 0.72, 0.72, 0.74]
The malicious clients: [98, 42, 45, 22, 50, 11, 90, 44, 33, 95],
	 scores:[0.74, 1.43, 1.67, 1.85, 1.92, 2.89, 5.34, 6.86, 5.55, 3.95]
Training average loss 0.536
Testing accuracy: 67.50%, loss: 0.910
Attack accuracy: 100.00%
Round  98:
selected clients:[11, 22, 33, 44, 49, 60, 50, 18, 9, 4, 70, 72, 20, 63, 17, 23, 41, 65, 78, 67]
malicious client:11
malicious client:22
malicious client:33
malicious client:44
The benign clients: [70, 4, 78, 23, 49, 17, 50, 67, 65, 72],
	 scores:[0.55, 0.14, 0.28, 0.35, 0.54, 0.55, 0.42, 0.56, 0.57, 0.65]
The malicious clients: [11, 18, 20, 63, 60, 44, 41, 22, 33, 9],
	 scores:[0.66, 0.67, 0.7, 0.74, 0.74, 11.79, 12.22, 1.24, 0.88, 3.73]
Training average loss 0.520
Testing accuracy: 67.83%, loss: 0.911
Attack accuracy: 100.00%
Round  99:
selected clients:[11, 22, 33, 44, 46, 93, 58, 66, 0, 95, 84, 39, 70, 75, 68, 48, 60, 47, 82, 65]
malicious client:11
malicious client:22
malicious client:33
malicious client:44
The benign clients: [66, 48, 75, 82, 58, 65, 0, 70, 68, 46],
	 scores:[0.18, 0.01, 0.35, 0.56, 0.72, 0.5, 0.7, 0.74, 0.74, 0.74]
The malicious clients: [60, 95, 39, 84, 22, 93, 44, 47, 33, 11],
	 scores:[0.75, 0.87, 1.64, 6.18, 1.23, 1.02, 13.97, 2.41, 1.66, 3.02]
Training average loss 0.578
Testing accuracy: 67.33%, loss: 0.910
Attack accuracy: 100.00%
